[2024-04-19T10:07:48.719337+02:00] metacloudify.ERROR: Code: 401 - Message: El Utku - El token de la sesión actual ha caducado. - Trace: #0 C:\Informatica\xampp-8.2.12\htdocs\MetaCloudify\bundles\MetaCloudify\CoreBundle\src\Controller\CoreController.php(102): MetaCloudify\GoogleDriveBundle\Service\CloudService->testConection(Object(MetaCloudify\CoreBundle\Entity\Account)) #1 C:\Informatica\xampp-8.2.12\htdocs\MetaCloudify\bundles\MetaCloudify\CoreBundle\src\Controller\CoreController.php(275): MetaCloudify\CoreBundle\Controller\CoreController->retriveAccount('6622143557aa1') #2 C:\Informatica\xampp-8.2.12\htdocs\MetaCloudify\vendor\symfony\http-kernel\HttpKernel.php(163): MetaCloudify\CoreBundle\Controller\CoreController->drive('googledrive') #3 C:\Informatica\xampp-8.2.12\htdocs\MetaCloudify\vendor\symfony\http-kernel\HttpKernel.php(75): Symfony\Component\HttpKernel\HttpKernel->handleRaw(Object(Symfony\Component\HttpFoundation\Request), 1) #4 C:\Informatica\xampp-8.2.12\htdocs\MetaCloudify\vendor\symfony\http-kernel\Kernel.php(202): Symfony\Component\HttpKernel\HttpKernel->handle(Object(Symfony\Component\HttpFoundation\Request), 1, true) #5 C:\Informatica\xampp-8.2.12\htdocs\MetaCloudify\vendor\symfony\runtime\Runner\Symfony\HttpKernelRunner.php(35): Symfony\Component\HttpKernel\Kernel->handle(Object(Symfony\Component\HttpFoundation\Request)) #6 C:\Informatica\xampp-8.2.12\htdocs\MetaCloudify\vendor\autoload_runtime.php(35): Symfony\Component\Runtime\Runner\Symfony\HttpKernelRunner->run() #7 C:\Informatica\xampp-8.2.12\htdocs\MetaCloudify\public\index.php(5): require_once('C:\\Informatica\\...') #8 {main} [] []
[2024-04-19T10:07:49.306997+02:00] metacloudify.INFO: DRIVE |  | id: 4 | controller: owncloud | user:alvaro | path: [] []
[2024-04-19T10:07:49.506136+02:00] metacloudify.INFO: DRIVE |  | id: 3 | controller: ftp | user:alvaro | path: [] []
[2024-04-19T10:07:50.796916+02:00] metacloudify.INFO: DRIVE |  | id: 1 | controller: onedrive | user:Alvaro Masa | path: [] []
[2024-04-19T10:22:53.662577+02:00] metacloudify.INFO: DRIVE |  | id: 3 | controller: ftp | user:alvaro | path: [] []
[2024-04-19T10:22:54.139749+02:00] metacloudify.INFO: DRIVE |  | id: 4 | controller: owncloud | user:alvaro | path: [] []
[2024-04-19T10:22:55.443726+02:00] metacloudify.INFO: DRIVE |  | id: 1 | controller: onedrive | user:Alvaro Masa | path: [] []
[2024-04-19T10:22:55.974365+02:00] metacloudify.ERROR: Code: 401 - Message: El Utku - El token de la sesión actual ha caducado. - Trace: #0 C:\Informatica\xampp-8.2.12\htdocs\MetaCloudify\bundles\MetaCloudify\CoreBundle\src\Controller\CoreController.php(102): MetaCloudify\GoogleDriveBundle\Service\CloudService->testConection(Object(MetaCloudify\CoreBundle\Entity\Account)) #1 C:\Informatica\xampp-8.2.12\htdocs\MetaCloudify\bundles\MetaCloudify\CoreBundle\src\Controller\CoreController.php(275): MetaCloudify\CoreBundle\Controller\CoreController->retriveAccount('6622143557aa1') #2 C:\Informatica\xampp-8.2.12\htdocs\MetaCloudify\vendor\symfony\http-kernel\HttpKernel.php(163): MetaCloudify\CoreBundle\Controller\CoreController->drive('googledrive') #3 C:\Informatica\xampp-8.2.12\htdocs\MetaCloudify\vendor\symfony\http-kernel\HttpKernel.php(75): Symfony\Component\HttpKernel\HttpKernel->handleRaw(Object(Symfony\Component\HttpFoundation\Request), 1) #4 C:\Informatica\xampp-8.2.12\htdocs\MetaCloudify\vendor\symfony\http-kernel\Kernel.php(202): Symfony\Component\HttpKernel\HttpKernel->handle(Object(Symfony\Component\HttpFoundation\Request), 1, true) #5 C:\Informatica\xampp-8.2.12\htdocs\MetaCloudify\vendor\symfony\runtime\Runner\Symfony\HttpKernelRunner.php(35): Symfony\Component\HttpKernel\Kernel->handle(Object(Symfony\Component\HttpFoundation\Request)) #6 C:\Informatica\xampp-8.2.12\htdocs\MetaCloudify\vendor\autoload_runtime.php(35): Symfony\Component\Runtime\Runner\Symfony\HttpKernelRunner->run() #7 C:\Informatica\xampp-8.2.12\htdocs\MetaCloudify\public\index.php(5): require_once('C:\\Informatica\\...') #8 {main} [] []
[2024-04-19T10:23:00.137801+02:00] metacloudify.INFO: LOGOUT |  | id:  | user: [] []
[2024-04-19T10:23:02.535428+02:00] metacloudify.INFO: DRIVE |  | id: 1 | controller: onedrive | user:Alvaro Masa | path: [] []
[2024-04-19T10:23:02.981262+02:00] metacloudify.INFO: DRIVE |  | id: 4 | controller: owncloud | user:alvaro | path: [] []
[2024-04-19T10:23:03.144080+02:00] metacloudify.INFO: DRIVE |  | id: 3 | controller: ftp | user:alvaro | path: [] []
[2024-04-19T10:23:11.339415+02:00] metacloudify.INFO: DRIVE |  | id: 1 | controller: onedrive | user:Alvaro Masa | path: [] []
[2024-04-19T10:23:17.415300+02:00] metacloudify.INFO: DRIVE |  | id: 1 | controller: onedrive | user:Alvaro Masa | path: [] []
[2024-04-19T10:23:23.285755+02:00] metacloudify.INFO: DRIVE |  | id: 1 | controller: onedrive | user:Alvaro Masa | path: [] []
[2024-04-19T10:23:23.756891+02:00] metacloudify.INFO: DRIVE |  | id: 4 | controller: owncloud | user:alvaro | path: [] []
[2024-04-19T10:23:23.915912+02:00] metacloudify.INFO: DRIVE |  | id: 3 | controller: ftp | user:alvaro | path: [] []
[2024-04-19T10:23:29.410552+02:00] metacloudify.INFO: DRIVE |  | id: 3 | controller: ftp | user:alvaro | path: [] []
[2024-04-19T10:24:10.417549+02:00] metacloudify.INFO: DRIVE |  | id: 1 | controller: onedrive | user:Alvaro Masa | path: [] []
[2024-04-19T10:24:10.578167+02:00] metacloudify.INFO: DRIVE |  | id: 3 | controller: ftp | user:alvaro | path: [] []
[2024-04-19T10:24:11.191948+02:00] metacloudify.INFO: DRIVE |  | id: 4 | controller: owncloud | user:alvaro | path: [] []
[2024-04-19T10:25:46.109536+02:00] metacloudify.INFO: DRIVE |  | id: 4 | controller: owncloud | user:alvaro | path: [] []
[2024-04-19T10:27:54.407942+02:00] metacloudify.INFO: DRIVE |  | id: 1 | controller: onedrive | user:Alvaro Masa | path: [] []
[2024-04-19T10:27:54.592118+02:00] metacloudify.INFO: DRIVE |  | id: 3 | controller: ftp | user:alvaro | path: [] []
[2024-04-19T10:27:55.069896+02:00] metacloudify.INFO: DRIVE |  | id: 4 | controller: owncloud | user:alvaro | path: [] []
[2024-04-19T10:28:32.581859+02:00] metacloudify.INFO: DRIVE |  | id: 1 | controller: onedrive | user:Alvaro Masa | path: [] []
[2024-04-19T10:28:32.739350+02:00] metacloudify.INFO: DRIVE |  | id: 3 | controller: ftp | user:alvaro | path: [] []
[2024-04-19T10:28:33.739152+02:00] metacloudify.INFO: DRIVE |  | id: 4 | controller: owncloud | user:alvaro | path: [] []
[2024-04-19T10:32:11.661078+02:00] metacloudify.ERROR: Code: 500 - Message: Error al obtener la inforamcion del usuario - Client error: `GET https://graph.microsoft.com/v1.0/me` resulted in a `401 Unauthorized` response: {"error":{"code":"InvalidAuthenticationToken","message":"IDX14100: JWT is not well formed, there are no dots (.).\nThe t (truncated...)  - Trace: #0 C:\Informatica\xampp-8.2.12\htdocs\MetaCloudify\bundles\MetaCloudify\OneDriveBundle\src\Service\CloudService.php(186): MetaCloudify\OneDriveBundle\Service\CloudService->getUserInfo('EwCgA8l6BAAUbDb...') #1 C:\Informatica\xampp-8.2.12\htdocs\MetaCloudify\bundles\MetaCloudify\CoreBundle\src\Controller\CoreController.php(102): MetaCloudify\OneDriveBundle\Service\CloudService->testConection(Object(MetaCloudify\CoreBundle\Entity\Account)) #2 C:\Informatica\xampp-8.2.12\htdocs\MetaCloudify\bundles\MetaCloudify\CoreBundle\src\Controller\CoreController.php(275): MetaCloudify\CoreBundle\Controller\CoreController->retriveAccount('66221d53d8763') #3 C:\Informatica\xampp-8.2.12\htdocs\MetaCloudify\vendor\symfony\http-kernel\HttpKernel.php(163): MetaCloudify\CoreBundle\Controller\CoreController->drive('onedrive') #4 C:\Informatica\xampp-8.2.12\htdocs\MetaCloudify\vendor\symfony\http-kernel\HttpKernel.php(75): Symfony\Component\HttpKernel\HttpKernel->handleRaw(Object(Symfony\Component\HttpFoundation\Request), 1) #5 C:\Informatica\xampp-8.2.12\htdocs\MetaCloudify\vendor\symfony\http-kernel\Kernel.php(202): Symfony\Component\HttpKernel\HttpKernel->handle(Object(Symfony\Component\HttpFoundation\Request), 1, true) #6 C:\Informatica\xampp-8.2.12\htdocs\MetaCloudify\vendor\symfony\runtime\Runner\Symfony\HttpKernelRunner.php(35): Symfony\Component\HttpKernel\Kernel->handle(Object(Symfony\Component\HttpFoundation\Request)) #7 C:\Informatica\xampp-8.2.12\htdocs\MetaCloudify\vendor\autoload_runtime.php(35): Symfony\Component\Runtime\Runner\Symfony\HttpKernelRunner->run() #8 C:\Informatica\xampp-8.2.12\htdocs\MetaCloudify\public\index.php(5): require_once('C:\\Informatica\\...') #9 {main} [] []
[2024-04-19T10:32:11.663313+02:00] metacloudify.ERROR: Code: 401 - Message: Alvaro Masa - El token de la sesión actual ha caducado. - Trace: #0 C:\Informatica\xampp-8.2.12\htdocs\MetaCloudify\bundles\MetaCloudify\CoreBundle\src\Controller\CoreController.php(102): MetaCloudify\OneDriveBundle\Service\CloudService->testConection(Object(MetaCloudify\CoreBundle\Entity\Account)) #1 C:\Informatica\xampp-8.2.12\htdocs\MetaCloudify\bundles\MetaCloudify\CoreBundle\src\Controller\CoreController.php(275): MetaCloudify\CoreBundle\Controller\CoreController->retriveAccount('66221d53d8763') #2 C:\Informatica\xampp-8.2.12\htdocs\MetaCloudify\vendor\symfony\http-kernel\HttpKernel.php(163): MetaCloudify\CoreBundle\Controller\CoreController->drive('onedrive') #3 C:\Informatica\xampp-8.2.12\htdocs\MetaCloudify\vendor\symfony\http-kernel\HttpKernel.php(75): Symfony\Component\HttpKernel\HttpKernel->handleRaw(Object(Symfony\Component\HttpFoundation\Request), 1) #4 C:\Informatica\xampp-8.2.12\htdocs\MetaCloudify\vendor\symfony\http-kernel\Kernel.php(202): Symfony\Component\HttpKernel\HttpKernel->handle(Object(Symfony\Component\HttpFoundation\Request), 1, true) #5 C:\Informatica\xampp-8.2.12\htdocs\MetaCloudify\vendor\symfony\runtime\Runner\Symfony\HttpKernelRunner.php(35): Symfony\Component\HttpKernel\Kernel->handle(Object(Symfony\Component\HttpFoundation\Request)) #6 C:\Informatica\xampp-8.2.12\htdocs\MetaCloudify\vendor\autoload_runtime.php(35): Symfony\Component\Runtime\Runner\Symfony\HttpKernelRunner->run() #7 C:\Informatica\xampp-8.2.12\htdocs\MetaCloudify\public\index.php(5): require_once('C:\\Informatica\\...') #8 {main} [] []
[2024-04-19T10:32:12.154266+02:00] metacloudify.INFO: DRIVE |  | id: 4 | controller: owncloud | user:alvaro | path: [] []
[2024-04-19T10:32:12.343689+02:00] metacloudify.INFO: DRIVE |  | id: 3 | controller: ftp | user:alvaro | path: [] []
[2024-04-19T10:32:18.719514+02:00] metacloudify.INFO: LOGOUT |  | id:  | user: [] []
[2024-04-19T10:32:20.229966+02:00] metacloudify.INFO: DRIVE |  | id: 3 | controller: ftp | user:alvaro | path: [] []
[2024-04-19T10:32:20.701747+02:00] metacloudify.INFO: DRIVE |  | id: 4 | controller: owncloud | user:alvaro | path: [] []
[2024-04-19T10:32:35.782334+02:00] metacloudify.INFO: DRIVE |  | id: 3 | controller: ftp | user:alvaro | path: [] []
[2024-04-19T10:33:05.209503+02:00] metacloudify.INFO: DRIVE |  | id: 4 | controller: owncloud | user:alvaro | path: [] []
[2024-04-19T10:33:05.366866+02:00] metacloudify.INFO: DRIVE |  | id: 3 | controller: ftp | user:alvaro | path: [] []
[2024-04-19T10:38:49.208649+02:00] metacloudify.INFO: DRIVE |  | id: 3 | controller: ftp | user:alvaro | path: [] []
[2024-04-19T10:38:50.771153+02:00] metacloudify.INFO: DRIVE |  | id: 4 | controller: owncloud | user:alvaro | path: [] []
[2024-04-19T10:39:43.251380+02:00] metacloudify.INFO: DRIVE |  | id: 4 | controller: owncloud | user:alvaro | path:Learn more about ownCloud [] []
[2024-04-19T10:39:55.170157+02:00] metacloudify.INFO: DRIVE |  | id: 3 | controller: ftp | user:alvaro | path: [] []
[2024-04-19T10:39:55.609982+02:00] metacloudify.INFO: DRIVE |  | id: 4 | controller: owncloud | user:alvaro | path: [] []
[2024-04-19T10:40:00.005690+02:00] metacloudify.INFO: DRIVE |  | id: 4 | controller: owncloud | user:alvaro | path:Documents [] []
[2024-04-19T10:40:23.649004+02:00] metacloudify.INFO: DRIVE |  | id: 3 | controller: ftp | user:alvaro | path: [] []
[2024-04-19T10:40:24.557815+02:00] metacloudify.INFO: DRIVE |  | id: 4 | controller: owncloud | user:alvaro | path: [] []
[2024-04-19T10:40:41.896730+02:00] metacloudify.INFO: DRIVE |  | id: 4 | controller: owncloud | user:alvaro | path:Documents [] []
[2024-04-19T10:42:16.471128+02:00] metacloudify.INFO: DRIVE |  | id: 3 | controller: ftp | user:alvaro | path: [] []
[2024-04-19T10:42:17.953783+02:00] metacloudify.INFO: DRIVE |  | id: 4 | controller: owncloud | user:alvaro | path: [] []
[2024-04-19T10:46:09.524021+02:00] metacloudify.INFO: DRIVE |  | id: 3 | controller: ftp | user:alvaro | path: [] []
[2024-04-19T10:46:11.854919+02:00] metacloudify.INFO: DRIVE |  | id: 4 | controller: owncloud | user:alvaro | path: [] []
[2024-04-19T10:47:02.485815+02:00] metacloudify.INFO: DRIVE |  | id: 4 | controller: owncloud | user:alvaro | path:Documents [] []
[2024-04-19T10:50:13.944265+02:00] metacloudify.INFO: DRIVE |  | id: 4 | controller: owncloud | user:alvaro | path: [] []
[2024-04-19T10:50:14.121791+02:00] metacloudify.INFO: DRIVE |  | id: 3 | controller: ftp | user:alvaro | path: [] []
[2024-04-19T10:50:54.000920+02:00] metacloudify.INFO: DRIVE |  | id: 4 | controller: owncloud | user:alvaro | path:Documents [] []
[2024-04-19T10:51:10.503633+02:00] metacloudify.INFO: DRIVE |  | id: 4 | controller: owncloud | user:alvaro | path: [] []
[2024-04-19T10:51:10.657566+02:00] metacloudify.INFO: DRIVE |  | id: 3 | controller: ftp | user:alvaro | path: [] []
[2024-04-19T10:51:14.634765+02:00] metacloudify.INFO: DRIVE |  | id: 4 | controller: owncloud | user:alvaro | path:Documents [] []
[2024-04-19T10:51:29.656933+02:00] metacloudify.INFO: DRIVE |  | id: 4 | controller: owncloud | user:alvaro | path: [] []
[2024-04-19T10:51:29.810480+02:00] metacloudify.INFO: DRIVE |  | id: 3 | controller: ftp | user:alvaro | path: [] []
[2024-04-19T10:55:46.886838+02:00] metacloudify.INFO: DRIVE |  | id: 3 | controller: ftp | user:alvaro | path: [] []
[2024-04-19T10:55:47.382300+02:00] metacloudify.INFO: DRIVE |  | id: 4 | controller: owncloud | user:alvaro | path: [] []
[2024-04-19T10:57:38.505824+02:00] metacloudify.INFO: DRIVE |  | id: 3 | controller: ftp | user:alvaro | path: [] []
[2024-04-19T10:57:38.984632+02:00] metacloudify.INFO: DRIVE |  | id: 4 | controller: owncloud | user:alvaro | path: [] []
[2024-04-19T10:58:34.696503+02:00] metacloudify.INFO: DRIVE |  | id: 3 | controller: ftp | user:alvaro | path: [] []
[2024-04-19T10:58:35.682700+02:00] metacloudify.INFO: DRIVE |  | id: 4 | controller: owncloud | user:alvaro | path: [] []
[2024-04-19T10:58:42.000911+02:00] metacloudify.INFO: DRIVE |  | id: 4 | controller: owncloud | user:alvaro | path:Documents [] []
[2024-04-19T10:58:44.418817+02:00] metacloudify.INFO: DRIVE |  | id: 4 | controller: owncloud | user:alvaro | path:Documents/Examnpñe [] []
[2024-04-19T10:58:46.529264+02:00] metacloudify.INFO: DRIVE |  | id: 3 | controller: ftp | user:alvaro | path: [] []
[2024-04-19T10:58:46.991936+02:00] metacloudify.INFO: DRIVE |  | id: 4 | controller: owncloud | user:alvaro | path: [] []
[2024-04-19T10:59:22.192647+02:00] metacloudify.INFO: GET_ARCHIVE |  archive: Documents | controller: owncloud | user:alvaro [] []
[2024-04-19T10:59:27.584632+02:00] metacloudify.INFO: EDIT_METADATA |  archive: Documents | controller: owncloud | user:alvaro | path:Documents | name: [] []
[2024-04-19T10:59:34.946384+02:00] metacloudify.INFO: GET_ARCHIVE |  archive: Documents | controller: owncloud | user:alvaro [] []
[2024-04-19T10:59:45.327413+02:00] metacloudify.INFO: LOGGIN | AccountId:662232814fec9 | id: 1 | controller: onedrive | user:Alvaro Masa [] []
[2024-04-19T10:59:46.937525+02:00] metacloudify.INFO: DRIVE |  | id: 3 | controller: ftp | user:alvaro | path: [] []
[2024-04-19T10:59:48.350756+02:00] metacloudify.INFO: DRIVE |  | id: 1 | controller: onedrive | user:Alvaro Masa | path: [] []
[2024-04-19T10:59:48.803694+02:00] metacloudify.INFO: DRIVE |  | id: 4 | controller: owncloud | user:alvaro | path: [] []
[2024-04-19T10:59:57.177777+02:00] metacloudify.INFO: DRIVE |  | id: 1 | controller: onedrive | user:Alvaro Masa | path:PruebasTFG [] []
[2024-04-19T11:00:01.721588+02:00] metacloudify.INFO: GET_ARCHIVE |  archive: PruebasTFG/Prueba.txt | controller: onedrive | user:Alvaro Masa [] []
[2024-04-19T11:00:07.632174+02:00] metacloudify.INFO: EDIT_METADATA |  archive: PruebasTFG/Prueba.txt | controller: onedrive | user:Alvaro Masa | path:PruebasTFG/Prueba.txt | name: [] []
[2024-04-19T11:00:10.618798+02:00] metacloudify.INFO: GET_ARCHIVE |  archive: PruebasTFG/Prueba.txt | controller: onedrive | user:Alvaro Masa [] []
[2024-04-19T11:00:25.203899+02:00] metacloudify.ERROR: Code: 500 - Message: Error al obtener la inforamcion del usuario - Server error: `GET https://graph.microsoft.com/v1.0/me` resulted in a `500 Internal Server Error` response: {"error":{"code":"UnknownError","message":"","innerError":{"date":"2024-04-19T09:00:24","request-id":"8d9cf35d-63ee-41c7 (truncated...)  - Trace: #0 C:\Informatica\xampp-8.2.12\htdocs\MetaCloudify\bundles\MetaCloudify\OneDriveBundle\src\Service\CloudService.php(186): MetaCloudify\OneDriveBundle\Service\CloudService->getUserInfo('EwCgA8l6BAAUbDb...') #1 C:\Informatica\xampp-8.2.12\htdocs\MetaCloudify\bundles\MetaCloudify\CoreBundle\src\Controller\CoreController.php(102): MetaCloudify\OneDriveBundle\Service\CloudService->testConection(Object(MetaCloudify\CoreBundle\Entity\Account)) #2 C:\Informatica\xampp-8.2.12\htdocs\MetaCloudify\bundles\MetaCloudify\CoreBundle\src\Controller\CoreController.php(275): MetaCloudify\CoreBundle\Controller\CoreController->retriveAccount('662232814fec9') #3 C:\Informatica\xampp-8.2.12\htdocs\MetaCloudify\vendor\symfony\http-kernel\HttpKernel.php(163): MetaCloudify\CoreBundle\Controller\CoreController->drive('onedrive') #4 C:\Informatica\xampp-8.2.12\htdocs\MetaCloudify\vendor\symfony\http-kernel\HttpKernel.php(75): Symfony\Component\HttpKernel\HttpKernel->handleRaw(Object(Symfony\Component\HttpFoundation\Request), 1) #5 C:\Informatica\xampp-8.2.12\htdocs\MetaCloudify\vendor\symfony\http-kernel\Kernel.php(202): Symfony\Component\HttpKernel\HttpKernel->handle(Object(Symfony\Component\HttpFoundation\Request), 1, true) #6 C:\Informatica\xampp-8.2.12\htdocs\MetaCloudify\vendor\symfony\runtime\Runner\Symfony\HttpKernelRunner.php(35): Symfony\Component\HttpKernel\Kernel->handle(Object(Symfony\Component\HttpFoundation\Request)) #7 C:\Informatica\xampp-8.2.12\htdocs\MetaCloudify\vendor\autoload_runtime.php(35): Symfony\Component\Runtime\Runner\Symfony\HttpKernelRunner->run() #8 C:\Informatica\xampp-8.2.12\htdocs\MetaCloudify\public\index.php(5): require_once('C:\\Informatica\\...') #9 {main} [] []
[2024-04-19T11:00:25.205670+02:00] metacloudify.ERROR: Code: 401 - Message: Alvaro Masa - El token de la sesión actual ha caducado. - Trace: #0 C:\Informatica\xampp-8.2.12\htdocs\MetaCloudify\bundles\MetaCloudify\CoreBundle\src\Controller\CoreController.php(102): MetaCloudify\OneDriveBundle\Service\CloudService->testConection(Object(MetaCloudify\CoreBundle\Entity\Account)) #1 C:\Informatica\xampp-8.2.12\htdocs\MetaCloudify\bundles\MetaCloudify\CoreBundle\src\Controller\CoreController.php(275): MetaCloudify\CoreBundle\Controller\CoreController->retriveAccount('662232814fec9') #2 C:\Informatica\xampp-8.2.12\htdocs\MetaCloudify\vendor\symfony\http-kernel\HttpKernel.php(163): MetaCloudify\CoreBundle\Controller\CoreController->drive('onedrive') #3 C:\Informatica\xampp-8.2.12\htdocs\MetaCloudify\vendor\symfony\http-kernel\HttpKernel.php(75): Symfony\Component\HttpKernel\HttpKernel->handleRaw(Object(Symfony\Component\HttpFoundation\Request), 1) #4 C:\Informatica\xampp-8.2.12\htdocs\MetaCloudify\vendor\symfony\http-kernel\Kernel.php(202): Symfony\Component\HttpKernel\HttpKernel->handle(Object(Symfony\Component\HttpFoundation\Request), 1, true) #5 C:\Informatica\xampp-8.2.12\htdocs\MetaCloudify\vendor\symfony\runtime\Runner\Symfony\HttpKernelRunner.php(35): Symfony\Component\HttpKernel\Kernel->handle(Object(Symfony\Component\HttpFoundation\Request)) #6 C:\Informatica\xampp-8.2.12\htdocs\MetaCloudify\vendor\autoload_runtime.php(35): Symfony\Component\Runtime\Runner\Symfony\HttpKernelRunner->run() #7 C:\Informatica\xampp-8.2.12\htdocs\MetaCloudify\public\index.php(5): require_once('C:\\Informatica\\...') #8 {main} [] []
[2024-04-19T11:00:37.756973+02:00] metacloudify.INFO: DRIVE |  | id: 1 | controller: onedrive | user:Alvaro Masa | path:PruebasTFG/Test [] []
[2024-04-19T11:00:41.221918+02:00] metacloudify.INFO: GET_ARCHIVE |  archive: PruebasTFG/Test/AAAA.txt | controller: onedrive | user:Alvaro Masa [] []
[2024-04-19T11:00:53.565197+02:00] metacloudify.INFO: EDIT_METADATA |  archive: PruebasTFG/Test/AAAA.txt | controller: onedrive | user:Alvaro Masa | path:PruebasTFG/Test/AAAA.txt | name: [] []
[2024-04-19T11:01:08.986948+02:00] metacloudify.INFO: GET_ARCHIVE |  archive: PruebasTFG/Test/AAAA.txt | controller: onedrive | user:Alvaro Masa [] []
[2024-04-19T11:01:12.750439+02:00] metacloudify.INFO: DRIVE |  | id: 3 | controller: ftp | user:alvaro | path: [] []
[2024-04-19T11:01:13.886341+02:00] metacloudify.INFO: DRIVE |  | id: 1 | controller: onedrive | user:Alvaro Masa | path: [] []
[2024-04-19T11:01:14.355644+02:00] metacloudify.INFO: DRIVE |  | id: 4 | controller: owncloud | user:alvaro | path: [] []
[2024-04-19T11:01:20.912535+02:00] metacloudify.INFO: COPY | origen: onedrive::PruebasTFG/Test/AAAA.txt | destination: ftp::/AAAA.txt | path: | name: [] []
[2024-04-19T11:01:20.944726+02:00] metacloudify.INFO: DRIVE |  | id: 3 | controller: ftp | user:alvaro | path: [] []
[2024-04-19T11:01:22.545182+02:00] metacloudify.INFO: DRIVE |  | id: 1 | controller: onedrive | user:Alvaro Masa | path: [] []
[2024-04-19T11:01:22.984937+02:00] metacloudify.INFO: DRIVE |  | id: 4 | controller: owncloud | user:alvaro | path: [] []
[2024-04-19T11:01:23.141718+02:00] metacloudify.INFO: DRIVE |  | id: 3 | controller: ftp | user:alvaro | path: [] []
[2024-04-19T11:01:32.393961+02:00] metacloudify.INFO: DRIVE |  | id: 1 | controller: onedrive | user:Alvaro Masa | path: [] []
[2024-04-19T11:01:32.554746+02:00] metacloudify.INFO: DRIVE |  | id: 3 | controller: ftp | user:alvaro | path: [] []
[2024-04-19T11:01:33.000871+02:00] metacloudify.INFO: DRIVE |  | id: 4 | controller: owncloud | user:alvaro | path: [] []
[2024-04-19T11:02:08.706456+02:00] metacloudify.INFO: GET_ARCHIVE |  archive: AAAA.txt | controller: ftp | user:alvaro [] []
[2024-04-19T11:02:19.364535+02:00] metacloudify.INFO: GET_ARCHIVE |  archive: AAAA.txt | controller: ftp | user:alvaro [] []
[2024-04-19T11:02:52.116517+02:00] metacloudify.INFO: DELETE |  file: /AAAA.txt | controller: ftp | user:alvaro | path: | name:AAAA.txt [] []
[2024-04-19T11:02:52.145300+02:00] metacloudify.INFO: DRIVE |  | id: 3 | controller: ftp | user:alvaro | path: [] []
[2024-04-19T11:03:01.816730+02:00] metacloudify.ERROR: Code: 500 - Message: Error al obtener la inforamcion del usuario - Server error: `GET https://graph.microsoft.com/v1.0/me` resulted in a `500 Internal Server Error` response: {"error":{"code":"UnknownError","message":"","innerError":{"date":"2024-04-19T09:03:01","request-id":"8f2e19ce-601b-42fd (truncated...)  - Trace: #0 C:\Informatica\xampp-8.2.12\htdocs\MetaCloudify\bundles\MetaCloudify\OneDriveBundle\src\Service\CloudService.php(186): MetaCloudify\OneDriveBundle\Service\CloudService->getUserInfo('EwCgA8l6BAAUbDb...') #1 C:\Informatica\xampp-8.2.12\htdocs\MetaCloudify\bundles\MetaCloudify\CoreBundle\src\Controller\CoreController.php(102): MetaCloudify\OneDriveBundle\Service\CloudService->testConection(Object(MetaCloudify\CoreBundle\Entity\Account)) #2 C:\Informatica\xampp-8.2.12\htdocs\MetaCloudify\bundles\MetaCloudify\CoreBundle\src\Controller\CoreController.php(275): MetaCloudify\CoreBundle\Controller\CoreController->retriveAccount('662232814fec9') #3 C:\Informatica\xampp-8.2.12\htdocs\MetaCloudify\vendor\symfony\http-kernel\HttpKernel.php(163): MetaCloudify\CoreBundle\Controller\CoreController->drive('onedrive') #4 C:\Informatica\xampp-8.2.12\htdocs\MetaCloudify\vendor\symfony\http-kernel\HttpKernel.php(75): Symfony\Component\HttpKernel\HttpKernel->handleRaw(Object(Symfony\Component\HttpFoundation\Request), 1) #5 C:\Informatica\xampp-8.2.12\htdocs\MetaCloudify\vendor\symfony\http-kernel\Kernel.php(202): Symfony\Component\HttpKernel\HttpKernel->handle(Object(Symfony\Component\HttpFoundation\Request), 1, true) #6 C:\Informatica\xampp-8.2.12\htdocs\MetaCloudify\vendor\symfony\runtime\Runner\Symfony\HttpKernelRunner.php(35): Symfony\Component\HttpKernel\Kernel->handle(Object(Symfony\Component\HttpFoundation\Request)) #7 C:\Informatica\xampp-8.2.12\htdocs\MetaCloudify\vendor\autoload_runtime.php(35): Symfony\Component\Runtime\Runner\Symfony\HttpKernelRunner->run() #8 C:\Informatica\xampp-8.2.12\htdocs\MetaCloudify\public\index.php(5): require_once('C:\\Informatica\\...') #9 {main} [] []
[2024-04-19T11:03:01.818494+02:00] metacloudify.ERROR: Code: 401 - Message: Alvaro Masa - El token de la sesión actual ha caducado. - Trace: #0 C:\Informatica\xampp-8.2.12\htdocs\MetaCloudify\bundles\MetaCloudify\CoreBundle\src\Controller\CoreController.php(102): MetaCloudify\OneDriveBundle\Service\CloudService->testConection(Object(MetaCloudify\CoreBundle\Entity\Account)) #1 C:\Informatica\xampp-8.2.12\htdocs\MetaCloudify\bundles\MetaCloudify\CoreBundle\src\Controller\CoreController.php(275): MetaCloudify\CoreBundle\Controller\CoreController->retriveAccount('662232814fec9') #2 C:\Informatica\xampp-8.2.12\htdocs\MetaCloudify\vendor\symfony\http-kernel\HttpKernel.php(163): MetaCloudify\CoreBundle\Controller\CoreController->drive('onedrive') #3 C:\Informatica\xampp-8.2.12\htdocs\MetaCloudify\vendor\symfony\http-kernel\HttpKernel.php(75): Symfony\Component\HttpKernel\HttpKernel->handleRaw(Object(Symfony\Component\HttpFoundation\Request), 1) #4 C:\Informatica\xampp-8.2.12\htdocs\MetaCloudify\vendor\symfony\http-kernel\Kernel.php(202): Symfony\Component\HttpKernel\HttpKernel->handle(Object(Symfony\Component\HttpFoundation\Request), 1, true) #5 C:\Informatica\xampp-8.2.12\htdocs\MetaCloudify\vendor\symfony\runtime\Runner\Symfony\HttpKernelRunner.php(35): Symfony\Component\HttpKernel\Kernel->handle(Object(Symfony\Component\HttpFoundation\Request)) #6 C:\Informatica\xampp-8.2.12\htdocs\MetaCloudify\vendor\autoload_runtime.php(35): Symfony\Component\Runtime\Runner\Symfony\HttpKernelRunner->run() #7 C:\Informatica\xampp-8.2.12\htdocs\MetaCloudify\public\index.php(5): require_once('C:\\Informatica\\...') #8 {main} [] []
[2024-04-19T11:03:24.956148+02:00] metacloudify.INFO: DRIVE |  | id: 3 | controller: ftp | user:alvaro | path: [] []
[2024-04-19T11:03:25.425554+02:00] metacloudify.INFO: DRIVE |  | id: 4 | controller: owncloud | user:alvaro | path: [] []
[2024-04-19T11:03:26.641926+02:00] metacloudify.INFO: DRIVE |  | id: 1 | controller: onedrive | user:Alvaro Masa | path: [] []
[2024-04-19T11:03:44.391075+02:00] metacloudify.INFO: DRIVE |  | id: 1 | controller: onedrive | user:Alvaro Masa | path:PruebasTFG [] []
[2024-04-19T11:03:54.712079+02:00] metacloudify.INFO: DRIVE |  | id: 1 | controller: onedrive | user:Alvaro Masa | path:PruebasTFG/Prueba [] []
[2024-04-19T11:04:03.317389+02:00] metacloudify.INFO: DRIVE |  | id: 1 | controller: onedrive | user:Alvaro Masa | path:PruebasTFG/Prueba/A [] []
[2024-04-19T11:04:19.494643+02:00] metacloudify.INFO: DRIVE |  | id: 1 | controller: onedrive | user:Alvaro Masa | path:PruebasTFG/Prueba [] []
[2024-04-19T11:04:26.101963+02:00] metacloudify.INFO: DRIVE |  | id: 1 | controller: onedrive | user:Alvaro Masa | path:PruebasTFG [] []
[2024-04-19T11:04:33.054038+02:00] metacloudify.INFO: DRIVE |  | id: 1 | controller: onedrive | user:Alvaro Masa | path:PruebasTFG/Test [] []
[2024-04-19T11:04:41.523847+02:00] metacloudify.INFO: GET_ARCHIVE |  archive: PruebasTFG/Test/AAAA.txt | controller: onedrive | user:Alvaro Masa [] []
[2024-04-19T11:04:48.822219+02:00] metacloudify.INFO: DRIVE |  | id: 4 | controller: owncloud | user:alvaro | path: [] []
[2024-04-19T11:04:50.050058+02:00] metacloudify.INFO: DRIVE |  | id: 1 | controller: onedrive | user:Alvaro Masa | path: [] []
[2024-04-19T11:04:50.206795+02:00] metacloudify.INFO: DRIVE |  | id: 3 | controller: ftp | user:alvaro | path: [] []
[2024-04-19T11:08:38.832204+02:00] metacloudify.INFO: DRIVE |  | id: 3 | controller: ftp | user:alvaro | path: [] []
[2024-04-19T11:08:39.996503+02:00] metacloudify.INFO: DRIVE |  | id: 1 | controller: onedrive | user:Alvaro Masa | path: [] []
[2024-04-19T11:08:40.469859+02:00] metacloudify.INFO: DRIVE |  | id: 4 | controller: owncloud | user:alvaro | path: [] []
[2024-04-19T11:08:43.695712+02:00] metacloudify.INFO: DELETE |  file: /AAAA.txt | controller: ftp | user:alvaro | path: | name:AAAA.txt [] []
[2024-04-19T11:08:43.724751+02:00] metacloudify.INFO: DRIVE |  | id: 3 | controller: ftp | user:alvaro | path: [] []
[2024-04-19T11:08:45.356623+02:00] metacloudify.INFO: DRIVE |  | id: 1 | controller: onedrive | user:Alvaro Masa | path: [] []
[2024-04-19T11:08:45.808168+02:00] metacloudify.INFO: DRIVE |  | id: 4 | controller: owncloud | user:alvaro | path: [] []
[2024-04-19T11:08:45.963387+02:00] metacloudify.INFO: DRIVE |  | id: 3 | controller: ftp | user:alvaro | path: [] []
[2024-04-19T11:08:54.986702+02:00] metacloudify.INFO: DRIVE |  | id: 1 | controller: onedrive | user:Alvaro Masa | path:PruebasTFG [] []
[2024-04-19T11:08:58.012348+02:00] metacloudify.INFO: DRIVE |  | id: 1 | controller: onedrive | user:Alvaro Masa | path:PruebasTFG/Test [] []
[2024-04-19T11:09:02.268116+02:00] metacloudify.INFO: DRIVE |  | id: 3 | controller: ftp | user:alvaro | path: [] []
[2024-04-19T11:09:03.380331+02:00] metacloudify.INFO: DRIVE |  | id: 1 | controller: onedrive | user:Alvaro Masa | path: [] []
[2024-04-19T11:09:03.854265+02:00] metacloudify.INFO: DRIVE |  | id: 4 | controller: owncloud | user:alvaro | path: [] []
[2024-04-19T11:09:07.684682+02:00] metacloudify.INFO: COPY | origen: onedrive::PruebasTFG/Test/AAAA.txt | destination: ftp::/AAAA.txt | path: | name: [] []
[2024-04-19T11:09:07.716258+02:00] metacloudify.INFO: DRIVE |  | id: 3 | controller: ftp | user:alvaro | path: [] []
[2024-04-19T11:09:09.304632+02:00] metacloudify.INFO: DRIVE |  | id: 1 | controller: onedrive | user:Alvaro Masa | path: [] []
[2024-04-19T11:09:09.745425+02:00] metacloudify.INFO: DRIVE |  | id: 4 | controller: owncloud | user:alvaro | path: [] []
[2024-04-19T11:09:09.901558+02:00] metacloudify.INFO: DRIVE |  | id: 3 | controller: ftp | user:alvaro | path: [] []
[2024-04-19T11:09:43.826788+02:00] metacloudify.INFO: DELETE |  file: /AAAA.txt | controller: ftp | user:alvaro | path: | name:AAAA.txt [] []
[2024-04-19T11:09:43.853080+02:00] metacloudify.INFO: DRIVE |  | id: 3 | controller: ftp | user:alvaro | path: [] []
[2024-04-19T11:09:45.447465+02:00] metacloudify.INFO: DRIVE |  | id: 1 | controller: onedrive | user:Alvaro Masa | path: [] []
[2024-04-19T11:09:45.602093+02:00] metacloudify.INFO: DRIVE |  | id: 3 | controller: ftp | user:alvaro | path: [] []
[2024-04-19T11:09:46.046351+02:00] metacloudify.INFO: DRIVE |  | id: 4 | controller: owncloud | user:alvaro | path: [] []
[2024-04-19T11:09:47.797504+02:00] metacloudify.INFO: DRIVE |  | id: 3 | controller: ftp | user:alvaro | path:Prueba [] []
[2024-04-19T11:09:51.659153+02:00] metacloudify.INFO: DRIVE |  | id: 1 | controller: onedrive | user:Alvaro Masa | path: [] []
[2024-04-19T11:09:52.087988+02:00] metacloudify.INFO: DRIVE |  | id: 4 | controller: owncloud | user:alvaro | path: [] []
[2024-04-19T11:09:52.247070+02:00] metacloudify.INFO: DRIVE |  | id: 3 | controller: ftp | user:alvaro | path: [] []
[2024-04-19T11:10:48.648096+02:00] metacloudify.INFO: DRIVE |  | id: 1 | controller: onedrive | user:Alvaro Masa | path:PruebasTFG [] []
[2024-04-19T11:11:00.183003+02:00] metacloudify.INFO: DRIVE |  | id: 1 | controller: onedrive | user:Alvaro Masa | path:PruebasTFG/Test [] []
[2024-04-19T11:11:05.917337+02:00] metacloudify.INFO: DRIVE |  | id: 3 | controller: ftp | user:alvaro | path: [] []
[2024-04-19T11:11:31.705626+02:00] metacloudify.INFO: DRIVE |  | id: 3 | controller: ftp | user:alvaro | path: [] []
[2024-04-19T11:11:35.525958+02:00] metacloudify.INFO: DRIVE |  | id: 4 | controller: owncloud | user:alvaro | path: [] []
[2024-04-19T11:11:46.342467+02:00] metacloudify.INFO: DRIVE |  | id: 4 | controller: owncloud | user:alvaro | path: [] []
[2024-04-19T11:11:46.534662+02:00] metacloudify.INFO: DRIVE |  | id: 3 | controller: ftp | user:alvaro | path: [] []
[2024-04-19T11:11:47.736460+02:00] metacloudify.INFO: DRIVE |  | id: 1 | controller: onedrive | user:Alvaro Masa | path: [] []
[2024-04-19T11:11:59.332064+02:00] metacloudify.INFO: DRIVE |  | id: 1 | controller: onedrive | user:Alvaro Masa | path:PruebasTFG [] []
[2024-04-19T11:12:06.749370+02:00] metacloudify.INFO: DRIVE |  | id: 1 | controller: onedrive | user:Alvaro Masa | path:PruebasTFG/Test [] []
[2024-04-19T11:12:17.881802+02:00] metacloudify.INFO: DRIVE |  | id: 1 | controller: onedrive | user:Alvaro Masa | path: [] []
[2024-04-19T11:12:18.336253+02:00] metacloudify.INFO: DRIVE |  | id: 4 | controller: owncloud | user:alvaro | path: [] []
[2024-04-19T11:12:18.496002+02:00] metacloudify.INFO: DRIVE |  | id: 3 | controller: ftp | user:alvaro | path: [] []
[2024-04-19T11:13:43.110746+02:00] metacloudify.INFO: DRIVE |  | id: 1 | controller: onedrive | user:Alvaro Masa | path: [] []
[2024-04-19T11:13:58.967971+02:00] metacloudify.INFO: DRIVE |  | id: 3 | controller: ftp | user:alvaro | path: [] []
[2024-04-19T11:13:59.441628+02:00] metacloudify.INFO: DRIVE |  | id: 4 | controller: owncloud | user:alvaro | path: [] []
[2024-04-19T11:14:00.577689+02:00] metacloudify.INFO: DRIVE |  | id: 1 | controller: onedrive | user:Alvaro Masa | path: [] []
[2024-04-19T11:14:10.600448+02:00] metacloudify.INFO: DELETE |  file: /AAAA.txt | controller: ftp | user:alvaro | path: | name:AAAA.txt [] []
[2024-04-19T11:14:10.629227+02:00] metacloudify.INFO: DRIVE |  | id: 3 | controller: ftp | user:alvaro | path: [] []
[2024-04-19T11:14:15.430357+02:00] metacloudify.INFO: DRIVE |  | id: 4 | controller: owncloud | user:alvaro | path: [] []
[2024-04-19T11:14:15.588796+02:00] metacloudify.INFO: DRIVE |  | id: 3 | controller: ftp | user:alvaro | path: [] []
[2024-04-19T11:14:16.766416+02:00] metacloudify.INFO: DRIVE |  | id: 1 | controller: onedrive | user:Alvaro Masa | path: [] []
[2024-04-19T11:16:53.328995+02:00] metacloudify.INFO: DRIVE |  | id: 1 | controller: onedrive | user:Alvaro Masa | path:PruebasTFG [] []
[2024-04-19T11:16:57.302614+02:00] metacloudify.INFO: DRIVE |  | id: 1 | controller: onedrive | user:Alvaro Masa | path:PruebasTFG/Test [] []
[2024-04-19T11:17:03.337624+02:00] metacloudify.INFO: GET_ARCHIVE |  archive: PruebasTFG/Test/AAAA.txt | controller: onedrive | user:Alvaro Masa [] []
[2024-04-19T11:17:06.195778+02:00] metacloudify.INFO: DRIVE |  | id: 3 | controller: ftp | user:alvaro | path: [] []
[2024-04-19T11:17:07.381843+02:00] metacloudify.INFO: DRIVE |  | id: 1 | controller: onedrive | user:Alvaro Masa | path: [] []
[2024-04-19T11:17:07.853906+02:00] metacloudify.INFO: DRIVE |  | id: 4 | controller: owncloud | user:alvaro | path: [] []
[2024-04-19T11:17:17.781586+02:00] metacloudify.INFO: COPY | origen: onedrive::PruebasTFG/Test/AAAA.txt | destination: ftp::/AAAA.txt | path: | name: [] []
[2024-04-19T11:17:17.813156+02:00] metacloudify.INFO: DRIVE |  | id: 3 | controller: ftp | user:alvaro | path: [] []
[2024-04-19T11:17:18.746069+02:00] metacloudify.INFO: DRIVE |  | id: 4 | controller: owncloud | user:alvaro | path: [] []
[2024-04-19T11:17:18.907065+02:00] metacloudify.INFO: DRIVE |  | id: 3 | controller: ftp | user:alvaro | path: [] []
[2024-04-19T11:17:20.269015+02:00] metacloudify.INFO: DRIVE |  | id: 1 | controller: onedrive | user:Alvaro Masa | path: [] []
[2024-04-19T11:17:23.292143+02:00] metacloudify.INFO: GET_ARCHIVE |  archive: AAAA.txt | controller: ftp | user:alvaro [] []
[2024-04-19T11:17:40.647135+02:00] metacloudify.INFO: DELETE |  file: /AAAA.txt | controller: ftp | user:alvaro | path: | name:AAAA.txt [] []
[2024-04-19T11:17:40.674459+02:00] metacloudify.INFO: DRIVE |  | id: 3 | controller: ftp | user:alvaro | path: [] []
[2024-04-19T11:17:42.430125+02:00] metacloudify.INFO: DRIVE |  | id: 1 | controller: onedrive | user:Alvaro Masa | path: [] []
[2024-04-19T11:17:42.873676+02:00] metacloudify.INFO: DRIVE |  | id: 4 | controller: owncloud | user:alvaro | path: [] []
[2024-04-19T11:17:43.034802+02:00] metacloudify.INFO: DRIVE |  | id: 3 | controller: ftp | user:alvaro | path: [] []
[2024-04-19T11:17:56.690240+02:00] metacloudify.INFO: DRIVE |  | id: 1 | controller: onedrive | user:Alvaro Masa | path:PruebasTFG [] []
[2024-04-19T11:18:00.112824+02:00] metacloudify.INFO: DRIVE |  | id: 1 | controller: onedrive | user:Alvaro Masa | path:PruebasTFG/Test [] []
[2024-04-19T11:18:05.603911+02:00] metacloudify.INFO: DRIVE |  | id: 1 | controller: onedrive | user:Alvaro Masa | path: [] []
[2024-04-19T11:18:05.762933+02:00] metacloudify.INFO: DRIVE |  | id: 3 | controller: ftp | user:alvaro | path: [] []
[2024-04-19T11:18:06.205635+02:00] metacloudify.INFO: DRIVE |  | id: 4 | controller: owncloud | user:alvaro | path: [] []
[2024-04-19T11:18:13.396775+02:00] metacloudify.INFO: COPY | origen: onedrive::PruebasTFG/Test/AAAA.txt | destination: ftp::/AAAA.txt | path: | name: [] []
[2024-04-19T11:18:13.430424+02:00] metacloudify.INFO: DRIVE |  | id: 3 | controller: ftp | user:alvaro | path: [] []
[2024-04-19T11:18:14.368035+02:00] metacloudify.INFO: DRIVE |  | id: 4 | controller: owncloud | user:alvaro | path: [] []
[2024-04-19T11:18:14.530881+02:00] metacloudify.INFO: DRIVE |  | id: 3 | controller: ftp | user:alvaro | path: [] []
[2024-04-19T11:18:15.683320+02:00] metacloudify.INFO: DRIVE |  | id: 1 | controller: onedrive | user:Alvaro Masa | path: [] []
[2024-04-19T11:18:19.125288+02:00] metacloudify.INFO: GET_ARCHIVE |  archive: AAAA.txt | controller: ftp | user:alvaro [] []
[2024-04-19T11:20:22.822977+02:00] metacloudify.INFO: DRIVE |  | id: 3 | controller: ftp | user:alvaro | path: [] []
[2024-04-19T11:20:24.053221+02:00] metacloudify.INFO: DRIVE |  | id: 1 | controller: onedrive | user:Alvaro Masa | path: [] []
[2024-04-19T11:20:24.535708+02:00] metacloudify.INFO: DRIVE |  | id: 4 | controller: owncloud | user:alvaro | path: [] []
[2024-04-19T11:20:31.770838+02:00] metacloudify.INFO: DELETE |  file: /AAAA.txt | controller: ftp | user:alvaro | path: | name:AAAA.txt [] []
[2024-04-19T11:20:31.798781+02:00] metacloudify.INFO: DRIVE |  | id: 3 | controller: ftp | user:alvaro | path: [] []
[2024-04-19T11:20:32.461900+02:00] metacloudify.INFO: DRIVE |  | id: 3 | controller: ftp | user:alvaro | path: [] []
[2024-04-19T11:20:32.924654+02:00] metacloudify.INFO: DRIVE |  | id: 4 | controller: owncloud | user:alvaro | path: [] []
[2024-04-19T11:20:34.347798+02:00] metacloudify.INFO: DRIVE |  | id: 1 | controller: onedrive | user:Alvaro Masa | path: [] []
[2024-04-19T11:21:28.121147+02:00] metacloudify.INFO: DRIVE |  | id: 1 | controller: onedrive | user:Alvaro Masa | path:PruebasTFG [] []
[2024-04-19T11:21:32.593001+02:00] metacloudify.INFO: DRIVE |  | id: 1 | controller: onedrive | user:Alvaro Masa | path:PruebasTFG/Test [] []
[2024-04-19T11:21:36.062701+02:00] metacloudify.INFO: DRIVE |  | id: 3 | controller: ftp | user:alvaro | path: [] []
[2024-04-19T11:21:37.309692+02:00] metacloudify.INFO: DRIVE |  | id: 1 | controller: onedrive | user:Alvaro Masa | path: [] []
[2024-04-19T11:21:37.753133+02:00] metacloudify.INFO: DRIVE |  | id: 4 | controller: owncloud | user:alvaro | path: [] []
[2024-04-19T11:21:46.405485+02:00] metacloudify.INFO: COPY | origen: onedrive::PruebasTFG/Test/AAAA.txt | destination: ftp::/AAAA.txt | path: | name: [] []
[2024-04-19T11:21:46.436904+02:00] metacloudify.INFO: DRIVE |  | id: 3 | controller: ftp | user:alvaro | path: [] []
[2024-04-19T11:21:48.038844+02:00] metacloudify.INFO: DRIVE |  | id: 1 | controller: onedrive | user:Alvaro Masa | path: [] []
[2024-04-19T11:21:48.485486+02:00] metacloudify.INFO: DRIVE |  | id: 4 | controller: owncloud | user:alvaro | path: [] []
[2024-04-19T11:21:48.645289+02:00] metacloudify.INFO: DRIVE |  | id: 3 | controller: ftp | user:alvaro | path: [] []
[2024-04-19T11:24:22.408886+02:00] metacloudify.INFO: DELETE |  file: /AAAA.txt | controller: ftp | user:alvaro | path: | name:AAAA.txt [] []
[2024-04-19T11:24:22.436741+02:00] metacloudify.INFO: DRIVE |  | id: 3 | controller: ftp | user:alvaro | path: [] []
[2024-04-19T11:24:52.499752+02:00] metacloudify.INFO: DRIVE |  | id: 3 | controller: ftp | user:alvaro | path: [] []
[2024-04-19T11:24:53.757673+02:00] metacloudify.INFO: DRIVE |  | id: 1 | controller: onedrive | user:Alvaro Masa | path: [] []
[2024-04-19T11:24:54.245984+02:00] metacloudify.INFO: DRIVE |  | id: 4 | controller: owncloud | user:alvaro | path: [] []
[2024-04-19T11:25:12.079162+02:00] metacloudify.INFO: DRIVE |  | id: 1 | controller: onedrive | user:Alvaro Masa | path:PruebasTFG [] []
[2024-04-19T11:25:36.030656+02:00] metacloudify.INFO: DRIVE |  | id: 3 | controller: ftp | user:alvaro | path: [] []
[2024-04-19T11:25:36.484611+02:00] metacloudify.INFO: DRIVE |  | id: 4 | controller: owncloud | user:alvaro | path: [] []
[2024-04-19T11:25:37.739551+02:00] metacloudify.INFO: DRIVE |  | id: 1 | controller: onedrive | user:Alvaro Masa | path: [] []
[2024-04-19T11:25:41.743173+02:00] metacloudify.INFO: DRIVE |  | id: 1 | controller: onedrive | user:Alvaro Masa | path:PruebasTFG [] []
[2024-04-19T11:25:45.319320+02:00] metacloudify.INFO: DRIVE |  | id: 1 | controller: onedrive | user:Alvaro Masa | path:PruebasTFG/Test [] []
[2024-04-19T11:25:48.509252+02:00] metacloudify.INFO: DRIVE |  | id: 3 | controller: ftp | user:alvaro | path: [] []
[2024-04-19T11:25:48.966564+02:00] metacloudify.INFO: DRIVE |  | id: 4 | controller: owncloud | user:alvaro | path: [] []
[2024-04-19T11:25:50.174215+02:00] metacloudify.INFO: DRIVE |  | id: 1 | controller: onedrive | user:Alvaro Masa | path: [] []
[2024-04-19T11:25:55.179716+02:00] metacloudify.INFO: COPY | origen: onedrive::PruebasTFG/Test/AAAA.txt | destination: owncloud::/AAAA.txt | path: | name: [] []
[2024-04-19T11:25:55.461032+02:00] metacloudify.INFO: DRIVE |  | id: 4 | controller: owncloud | user:alvaro | path: [] []
[2024-04-19T11:25:56.107957+02:00] metacloudify.INFO: DRIVE |  | id: 3 | controller: ftp | user:alvaro | path: [] []
[2024-04-19T11:25:57.304492+02:00] metacloudify.INFO: DRIVE |  | id: 1 | controller: onedrive | user:Alvaro Masa | path: [] []
[2024-04-19T11:25:57.727088+02:00] metacloudify.INFO: DRIVE |  | id: 4 | controller: owncloud | user:alvaro | path: [] []
[2024-04-19T11:26:03.110517+02:00] metacloudify.INFO: GET_ARCHIVE |  archive: AAAA.txt | controller: owncloud | user:alvaro [] []
[2024-04-19T11:26:10.425742+02:00] metacloudify.INFO: DELETE |  file: /AAAA.txt | controller: owncloud | user:alvaro | path: | name:AAAA.txt [] []
[2024-04-19T11:26:10.723983+02:00] metacloudify.INFO: DRIVE |  | id: 4 | controller: owncloud | user:alvaro | path: [] []
[2024-04-19T11:26:12.452581+02:00] metacloudify.INFO: DRIVE |  | id: 1 | controller: onedrive | user:Alvaro Masa | path: [] []
[2024-04-19T11:26:12.889902+02:00] metacloudify.INFO: DRIVE |  | id: 4 | controller: owncloud | user:alvaro | path: [] []
[2024-04-19T11:26:13.051565+02:00] metacloudify.INFO: DRIVE |  | id: 3 | controller: ftp | user:alvaro | path: [] []
[2024-04-19T11:26:35.202964+02:00] metacloudify.INFO: LOGGIN | AccountId:662238cb318aa | id: 6 | controller: owncloud | user:alvaro [] []
[2024-04-19T11:26:37.102057+02:00] metacloudify.INFO: DRIVE |  | id: 3 | controller: ftp | user:alvaro | path: [] []
[2024-04-19T11:26:37.544449+02:00] metacloudify.INFO: DRIVE |  | id: 4 | controller: owncloud | user:alvaro | path: [] []
[2024-04-19T11:26:39.248435+02:00] metacloudify.INFO: DRIVE |  | id: 6 | controller: owncloud | user:alvaro | path: [] []
[2024-04-19T11:26:40.444689+02:00] metacloudify.INFO: DRIVE |  | id: 1 | controller: onedrive | user:Alvaro Masa | path: [] []
[2024-04-19T11:26:42.528027+02:00] metacloudify.INFO: DRIVE |  | id: 6 | controller: owncloud | user:alvaro | path: [] []
[2024-04-19T11:26:42.963446+02:00] metacloudify.INFO: DRIVE |  | id: 4 | controller: owncloud | user:alvaro | path: [] []
[2024-04-19T11:26:43.129737+02:00] metacloudify.INFO: DRIVE |  | id: 3 | controller: ftp | user:alvaro | path: [] []
[2024-04-19T11:28:11.828737+02:00] metacloudify.INFO: DRIVE |  | id: 3 | controller: ftp | user:alvaro | path: [] []
[2024-04-19T11:28:12.295235+02:00] metacloudify.INFO: DRIVE |  | id: 4 | controller: owncloud | user:alvaro | path: [] []
[2024-04-19T11:28:13.844970+02:00] metacloudify.INFO: DRIVE |  | id: 6 | controller: owncloud | user:alvaro | path: [] []
[2024-04-19T11:28:21.356976+02:00] metacloudify.INFO: LOGOUT |  | id:  | user: [] []
[2024-04-19T11:28:22.948844+02:00] metacloudify.INFO: DRIVE |  | id: 3 | controller: ftp | user:alvaro | path: [] []
[2024-04-19T11:28:24.438595+02:00] metacloudify.INFO: DRIVE |  | id: 6 | controller: owncloud | user:alvaro | path: [] []
[2024-04-19T11:28:28.599008+02:00] metacloudify.INFO: LOGOUT |  | id:  | user: [] []
[2024-04-19T11:28:30.210558+02:00] metacloudify.INFO: DRIVE |  | id: 3 | controller: ftp | user:alvaro | path: [] []
[2024-04-19T11:28:42.945144+02:00] metacloudify.INFO: LOGGIN | AccountId:6622394ae6bcb | id: 6 | controller: owncloud | user:alvaro [] []
[2024-04-19T11:28:45.211302+02:00] metacloudify.INFO: DRIVE |  | id: 3 | controller: ftp | user:alvaro | path: [] []
[2024-04-19T11:28:46.738271+02:00] metacloudify.INFO: DRIVE |  | id: 6 | controller: owncloud | user:alvaro | path: [] []
[2024-04-19T11:28:57.075446+02:00] metacloudify.INFO: DRIVE |  | id: 6 | controller: owncloud | user:alvaro | path:TFG-Test [] []
[2024-04-19T11:29:01.466249+02:00] metacloudify.INFO: GET_ARCHIVE |  archive: TFG-Test/Teotihuacan.jpg | controller: owncloud | user:alvaro [] []
[2024-04-19T11:29:19.203218+02:00] metacloudify.INFO: EDIT_METADATA |  archive: TFG-Test/Teotihuacan.jpg | controller: owncloud | user:alvaro | path:TFG-Test/Teotihuacan.jpg | name: [] []
[2024-04-19T11:29:24.450611+02:00] metacloudify.INFO: GET_ARCHIVE |  archive: TFG-Test/Teotihuacan.jpg | controller: owncloud | user:alvaro [] []
[2024-04-19T11:29:36.494103+02:00] metacloudify.INFO: DRIVE |  | id: 6 | controller: owncloud | user:alvaro | path:TFG-Test/ASd [] []
[2024-04-19T11:29:43.204822+02:00] metacloudify.INFO: COPY | origen: owncloud::TFG-Test/Teotihuacan.jpg | destination: owncloud::TFG-Test/ASd/Teotihuacan.jpg | path: | name: [] []
[2024-04-19T11:29:45.370618+02:00] metacloudify.INFO: DELETE |  file: TFG-Test/Teotihuacan.jpg | controller: owncloud | user:alvaro | path:TFG-Test | name:Teotihuacan.jpg [] []
[2024-04-19T11:29:46.571231+02:00] metacloudify.INFO: DRIVE |  | id: 6 | controller: owncloud | user:alvaro | path:TFG-Test/ASd [] []
[2024-04-19T11:30:09.407884+02:00] metacloudify.INFO: GET_ARCHIVE |  archive: TFG-Test/ASd/Teotihuacan.jpg | controller: owncloud | user:alvaro [] []
[2024-04-19T11:30:11.950753+02:00] metacloudify.INFO: DRIVE |  | id: 3 | controller: ftp | user:alvaro | path: [] []
[2024-04-19T11:30:13.283841+02:00] metacloudify.INFO: DRIVE |  | id: 6 | controller: owncloud | user:alvaro | path: [] []
[2024-04-19T11:30:23.512485+02:00] metacloudify.INFO: DRIVE |  | id: 3 | controller: ftp | user:alvaro | path:ASDA [] []
[2024-04-19T11:30:26.641668+02:00] metacloudify.INFO: COPY | origen: owncloud::TFG-Test/ASd/Teotihuacan.jpg | destination: ftp::ASDA/Teotihuacan.jpg | path: | name: [] []
[2024-04-19T11:30:26.667854+02:00] metacloudify.INFO: DRIVE |  | id: 3 | controller: ftp | user:alvaro | path:ASDA [] []
[2024-04-19T11:30:29.666410+02:00] metacloudify.INFO: GET_ARCHIVE |  archive: ASDA/Teotihuacan.jpg | controller: ftp | user:alvaro [] []
[2024-04-19T11:30:32.946421+02:00] metacloudify.INFO: DRIVE |  | id: 3 | controller: ftp | user:alvaro | path: [] []
[2024-04-19T11:30:34.245420+02:00] metacloudify.INFO: DRIVE |  | id: 6 | controller: owncloud | user:alvaro | path: [] []
[2024-04-19T11:30:35.762013+02:00] metacloudify.INFO: COPY | origen: ftp::ASDA/Teotihuacan.jpg | destination: ftp::/Teotihuacan.jpg | path: | name: [] []
[2024-04-19T11:30:35.791067+02:00] metacloudify.INFO: DRIVE |  | id: 3 | controller: ftp | user:alvaro | path: [] []
[2024-04-19T11:30:37.657557+02:00] metacloudify.INFO: DRIVE |  | id: 6 | controller: owncloud | user:alvaro | path: [] []
[2024-04-19T11:30:37.819379+02:00] metacloudify.INFO: DRIVE |  | id: 3 | controller: ftp | user:alvaro | path: [] []
[2024-04-19T11:30:41.859683+02:00] metacloudify.INFO: GET_ARCHIVE |  archive: Teotihuacan.jpg | controller: ftp | user:alvaro [] []
[2024-04-19T11:30:59.803560+02:00] metacloudify.INFO: DRIVE |  | id: 3 | controller: ftp | user:alvaro | path: [] []
[2024-04-19T11:31:42.041511+02:00] metacloudify.INFO: DRIVE |  | id: 3 | controller: ftp | user:alvaro | path:A [] []
[2024-04-19T11:31:50.769054+02:00] metacloudify.INFO: CREATE_DIR |  dir: A/B | controller: ftp | user:alvaro | path:A | name:B [] []
[2024-04-19T11:31:50.799481+02:00] metacloudify.INFO: DRIVE |  | id: 3 | controller: ftp | user:alvaro | path:A [] []
[2024-04-19T11:31:56.962151+02:00] metacloudify.INFO: CREATE_DIR |  dir: A/B.txt | controller: ftp | user:alvaro | path:A | name:B.txt [] []
[2024-04-19T11:31:56.993931+02:00] metacloudify.INFO: DRIVE |  | id: 3 | controller: ftp | user:alvaro | path:A [] []
[2024-04-19T11:32:29.790293+02:00] metacloudify.INFO: DELETE |  file: A/B.txt | controller: ftp | user:alvaro | path:A | name:B.txt [] []
[2024-04-19T11:32:29.814137+02:00] metacloudify.INFO: DRIVE |  | id: 3 | controller: ftp | user:alvaro | path:A [] []
[2024-04-19T11:35:08.560221+02:00] metacloudify.INFO: DRIVE |  | id: 3 | controller: ftp | user:alvaro | path: [] []
[2024-04-19T11:35:19.047250+02:00] metacloudify.INFO: DRIVE |  | id: 3 | controller: ftp | user:alvaro | path: [] []
[2024-04-19T11:35:58.875855+02:00] metacloudify.INFO: DRIVE |  | id: 3 | controller: ftp | user:alvaro | path:A [] []
[2024-04-19T11:36:06.251886+02:00] metacloudify.INFO: CREATE_FILE |  file: A/B.txt | controller: ftp | user:alvaro | path:A | name:B.txt [] []
[2024-04-19T11:36:31.960634+02:00] metacloudify.ERROR: Code: 409 - Message: El archivo especificado ya existe - Trace: #0 C:\Informatica\xampp-8.2.12\htdocs\MetaCloudify\bundles\MetaCloudify\CoreBundle\src\Controller\CoreController.php(421): MetaCloudify\CoreBundle\Service\CloudService->createFile('A', 'B.txt') #1 C:\Informatica\xampp-8.2.12\htdocs\MetaCloudify\vendor\symfony\http-kernel\HttpKernel.php(163): MetaCloudify\CoreBundle\Controller\CoreController->createFile('ftp') #2 C:\Informatica\xampp-8.2.12\htdocs\MetaCloudify\vendor\symfony\http-kernel\HttpKernel.php(75): Symfony\Component\HttpKernel\HttpKernel->handleRaw(Object(Symfony\Component\HttpFoundation\Request), 1) #3 C:\Informatica\xampp-8.2.12\htdocs\MetaCloudify\vendor\symfony\http-kernel\Kernel.php(202): Symfony\Component\HttpKernel\HttpKernel->handle(Object(Symfony\Component\HttpFoundation\Request), 1, true) #4 C:\Informatica\xampp-8.2.12\htdocs\MetaCloudify\vendor\symfony\runtime\Runner\Symfony\HttpKernelRunner.php(35): Symfony\Component\HttpKernel\Kernel->handle(Object(Symfony\Component\HttpFoundation\Request)) #5 C:\Informatica\xampp-8.2.12\htdocs\MetaCloudify\vendor\autoload_runtime.php(35): Symfony\Component\Runtime\Runner\Symfony\HttpKernelRunner->run() #6 C:\Informatica\xampp-8.2.12\htdocs\MetaCloudify\public\index.php(5): require_once('C:\\Informatica\\...') #7 {main} [] []
[2024-04-19T11:36:39.347151+02:00] metacloudify.INFO: CREATE_DIR |  dir: A/C | controller: ftp | user:alvaro | path:A | name:C [] []
[2024-04-19T11:36:55.386545+02:00] metacloudify.INFO: DRIVE |  | id: 3 | controller: ftp | user:alvaro | path: [] []
[2024-04-19T11:37:32.729053+02:00] metacloudify.INFO: DRIVE |  | id: 3 | controller: ftp | user:alvaro | path:A [] []
[2024-04-19T11:37:40.192206+02:00] metacloudify.ERROR: Code: 500 - Message: Error al crear el directorio - Unable to create a directory at /A/B.txt. ftp_mkdir(): File with same name already exists - Trace: #0 C:\Informatica\xampp-8.2.12\htdocs\MetaCloudify\bundles\MetaCloudify\CoreBundle\src\Controller\CoreController.php(372): MetaCloudify\CoreBundle\Service\CloudService->createDir('A', 'B.txt') #1 C:\Informatica\xampp-8.2.12\htdocs\MetaCloudify\vendor\symfony\http-kernel\HttpKernel.php(163): MetaCloudify\CoreBundle\Controller\CoreController->createDir('ftp') #2 C:\Informatica\xampp-8.2.12\htdocs\MetaCloudify\vendor\symfony\http-kernel\HttpKernel.php(75): Symfony\Component\HttpKernel\HttpKernel->handleRaw(Object(Symfony\Component\HttpFoundation\Request), 1) #3 C:\Informatica\xampp-8.2.12\htdocs\MetaCloudify\vendor\symfony\http-kernel\Kernel.php(202): Symfony\Component\HttpKernel\HttpKernel->handle(Object(Symfony\Component\HttpFoundation\Request), 1, true) #4 C:\Informatica\xampp-8.2.12\htdocs\MetaCloudify\vendor\symfony\runtime\Runner\Symfony\HttpKernelRunner.php(35): Symfony\Component\HttpKernel\Kernel->handle(Object(Symfony\Component\HttpFoundation\Request)) #5 C:\Informatica\xampp-8.2.12\htdocs\MetaCloudify\vendor\autoload_runtime.php(35): Symfony\Component\Runtime\Runner\Symfony\HttpKernelRunner->run() #6 C:\Informatica\xampp-8.2.12\htdocs\MetaCloudify\public\index.php(5): require_once('C:\\Informatica\\...') #7 {main} [] []
[2024-04-19T11:37:44.743727+02:00] metacloudify.INFO: DRIVE |  | id: 3 | controller: ftp | user:alvaro | path: [] []
[2024-04-19T11:37:46.351586+02:00] metacloudify.INFO: DRIVE |  | id: 3 | controller: ftp | user:alvaro | path:A [] []
[2024-04-19T11:37:54.053639+02:00] metacloudify.INFO: DRIVE |  | id: 3 | controller: ftp | user:alvaro | path:A/B [] []
[2024-04-19T11:37:59.307670+02:00] metacloudify.INFO: CREATE_FILE |  file: A/B/A.png | controller: ftp | user:alvaro | path:A/B | name:A.png [] []
[2024-04-19T11:37:59.333432+02:00] metacloudify.INFO: DRIVE |  | id: 3 | controller: ftp | user:alvaro | path:A/B [] []
[2024-04-19T11:38:02.419512+02:00] metacloudify.ERROR: Code: 500 - Message: Error al crear el directorio - Unable to create a directory at /A/B/A.png. ftp_mkdir(): File with same name already exists - Trace: #0 C:\Informatica\xampp-8.2.12\htdocs\MetaCloudify\bundles\MetaCloudify\CoreBundle\src\Controller\CoreController.php(372): MetaCloudify\CoreBundle\Service\CloudService->createDir('A/B', 'A.png') #1 C:\Informatica\xampp-8.2.12\htdocs\MetaCloudify\vendor\symfony\http-kernel\HttpKernel.php(163): MetaCloudify\CoreBundle\Controller\CoreController->createDir('ftp') #2 C:\Informatica\xampp-8.2.12\htdocs\MetaCloudify\vendor\symfony\http-kernel\HttpKernel.php(75): Symfony\Component\HttpKernel\HttpKernel->handleRaw(Object(Symfony\Component\HttpFoundation\Request), 1) #3 C:\Informatica\xampp-8.2.12\htdocs\MetaCloudify\vendor\symfony\http-kernel\Kernel.php(202): Symfony\Component\HttpKernel\HttpKernel->handle(Object(Symfony\Component\HttpFoundation\Request), 1, true) #4 C:\Informatica\xampp-8.2.12\htdocs\MetaCloudify\vendor\symfony\runtime\Runner\Symfony\HttpKernelRunner.php(35): Symfony\Component\HttpKernel\Kernel->handle(Object(Symfony\Component\HttpFoundation\Request)) #5 C:\Informatica\xampp-8.2.12\htdocs\MetaCloudify\vendor\autoload_runtime.php(35): Symfony\Component\Runtime\Runner\Symfony\HttpKernelRunner->run() #6 C:\Informatica\xampp-8.2.12\htdocs\MetaCloudify\public\index.php(5): require_once('C:\\Informatica\\...') #7 {main} [] []
[2024-04-19T11:38:50.449998+02:00] metacloudify.INFO: UPLOAD |  file: A/B/nubeNegro.png | controller: ftp | user:alvaro | path:A/B | name: [] []
[2024-04-19T11:38:50.478247+02:00] metacloudify.INFO: DRIVE |  | id: 3 | controller: ftp | user:alvaro | path:A/B [] []
[2024-04-19T11:38:57.539449+02:00] metacloudify.INFO: DRIVE |  | id: 3 | controller: ftp | user:alvaro | path: [] []
[2024-04-19T11:52:11.737567+02:00] metacloudify.INFO: LOGOUT |  | id:  | user: [] []
[2024-04-19T11:52:13.979566+02:00] metacloudify.INFO: DRIVE |  | id: 3 | controller: ftp | user:alvaro | path: [] []
[2024-04-19T11:52:39.203778+02:00] metacloudify.INFO: LOGGIN | AccountId:66223ee731bd6 | id: 6 | controller: owncloud | user:alvaro [] []
[2024-04-19T11:53:18.537442+02:00] metacloudify.INFO: LOGGIN | AccountId:66223ee731bd6 | id: 6 | controller: owncloud | user:alvaro [] []
[2024-04-19T11:53:20.714043+02:00] metacloudify.INFO: DRIVE |  | id: 3 | controller: ftp | user:alvaro | path: [] []
[2024-04-19T11:53:22.067584+02:00] metacloudify.INFO: DRIVE |  | id: 6 | controller: owncloud | user:alvaro | path: [] []
[2024-04-19T11:53:42.783217+02:00] metacloudify.INFO: LOGOUT |  | id:  | user: [] []
[2024-04-19T11:53:44.343785+02:00] metacloudify.INFO: DRIVE |  | id: 3 | controller: ftp | user:alvaro | path: [] []
[2024-04-19T11:54:43.435764+02:00] metacloudify.ERROR: Code: 401 - Message: Las credenciales introducidas no son correctas. - Trace: #0 C:\Informatica\xampp-8.2.12\htdocs\MetaCloudify\bundles\MetaCloudify\OwnCloudBundle\src\Service\CloudService.php(47): MetaCloudify\OwnCloudBundle\Service\CloudService->testConection(Object(MetaCloudify\CoreBundle\Entity\Account)) #1 C:\Informatica\xampp-8.2.12\htdocs\MetaCloudify\bundles\MetaCloudify\CoreBundle\src\Controller\CoreController.php(165): MetaCloudify\OwnCloudBundle\Service\CloudService->login(Object(Symfony\Component\HttpFoundation\Session\Session), Object(Symfony\Component\HttpFoundation\Request)) #2 C:\Informatica\xampp-8.2.12\htdocs\MetaCloudify\vendor\symfony\http-kernel\HttpKernel.php(163): MetaCloudify\CoreBundle\Controller\CoreController->login('owncloud') #3 C:\Informatica\xampp-8.2.12\htdocs\MetaCloudify\vendor\symfony\http-kernel\HttpKernel.php(75): Symfony\Component\HttpKernel\HttpKernel->handleRaw(Object(Symfony\Component\HttpFoundation\Request), 1) #4 C:\Informatica\xampp-8.2.12\htdocs\MetaCloudify\vendor\symfony\http-kernel\Kernel.php(202): Symfony\Component\HttpKernel\HttpKernel->handle(Object(Symfony\Component\HttpFoundation\Request), 1, true) #5 C:\Informatica\xampp-8.2.12\htdocs\MetaCloudify\vendor\symfony\runtime\Runner\Symfony\HttpKernelRunner.php(35): Symfony\Component\HttpKernel\Kernel->handle(Object(Symfony\Component\HttpFoundation\Request)) #6 C:\Informatica\xampp-8.2.12\htdocs\MetaCloudify\vendor\autoload_runtime.php(35): Symfony\Component\Runtime\Runner\Symfony\HttpKernelRunner->run() #7 C:\Informatica\xampp-8.2.12\htdocs\MetaCloudify\public\index.php(5): require_once('C:\\Informatica\\...') #8 {main} [] []
[2024-04-19T11:54:43.437719+02:00] metacloudify.WARNING: LOGGIN ERROR | Las credenciales introducidas no son correctas. [] []
[2024-04-19T11:54:51.287719+02:00] metacloudify.INFO: LOGGIN | AccountId:66223f6b463b3 | id: 6 | controller: owncloud | user:alvaro [] []
[2024-04-19T11:55:39.352348+02:00] metacloudify.INFO: DRIVE |  | id: 3 | controller: ftp | user:alvaro | path: [] []
[2024-04-19T11:55:40.801589+02:00] metacloudify.INFO: DRIVE |  | id: 6 | controller: owncloud | user:alvaro | path: [] []
[2024-04-19T12:12:49.341664+02:00] metacloudify.INFO: LOGGIN | AccountId:66223f6b463b3 | id: 6 | controller: owncloud | user:alvaro [] []
[2024-04-19T12:12:51.614692+02:00] metacloudify.INFO: DRIVE |  | id: 3 | controller: ftp | user:alvaro | path: [] []
[2024-04-19T12:12:53.046652+02:00] metacloudify.INFO: DRIVE |  | id: 6 | controller: owncloud | user:alvaro | path: [] []
[2024-04-19T12:12:56.942367+02:00] metacloudify.INFO: LOGOUT |  | id:  | user: [] []
[2024-04-19T12:12:59.695672+02:00] metacloudify.INFO: DRIVE |  | id: 6 | controller: owncloud | user:alvaro | path: [] []
[2024-04-19T12:14:47.061690+02:00] metacloudify.INFO: LOGGIN | AccountId:662244170f0d0 | id: 3 | controller: ftp | user:alvaro [] []
[2024-04-19T12:14:54.965666+02:00] metacloudify.INFO: DRIVE |  | id: 3 | controller: ftp | user:alvaro | path: [] []
[2024-04-19T12:14:56.402518+02:00] metacloudify.INFO: DRIVE |  | id: 6 | controller: owncloud | user:alvaro | path: [] []
[2024-04-19T12:14:57.749213+02:00] metacloudify.INFO: LOGOUT |  | id:  | user: [] []
[2024-04-19T12:15:00.406842+02:00] metacloudify.INFO: DRIVE |  | id: 6 | controller: owncloud | user:alvaro | path: [] []
[2024-04-19T12:15:02.166426+02:00] metacloudify.INFO: LOGOUT |  | id:  | user: [] []
[2024-04-19T12:15:04.821685+02:00] metacloudify.INFO: LOGOUT |  | id:  | user: [] []
[2024-04-19T12:17:15.648249+02:00] metacloudify.INFO: LOGGIN | AccountId:662244ab9e40b | id: 6 | controller: owncloud | user:alvaro [] []
[2024-04-19T12:17:19.067357+02:00] metacloudify.INFO: DRIVE |  | id: 6 | controller: owncloud | user:alvaro | path: [] []
[2024-04-19T12:17:20.975181+02:00] metacloudify.INFO: LOGOUT |  | id:  | user: [] []
[2024-04-19T12:17:33.612746+02:00] metacloudify.INFO: LOGGIN | AccountId:662244bd9595e | id: 6 | controller: owncloud | user:alvaro [] []
[2024-04-19T12:17:36.744762+02:00] metacloudify.INFO: DRIVE |  | id: 6 | controller: owncloud | user:alvaro | path: [] []
[2024-04-19T12:17:39.659335+02:00] metacloudify.INFO: LOGOUT |  | id:  | user: [] []
[2024-04-19T12:17:47.215918+02:00] metacloudify.INFO: LOGGIN | AccountId:662244cb34b45 | id: 6 | controller: owncloud | user:alvaro [] []
[2024-04-19T12:17:50.411322+02:00] metacloudify.INFO: DRIVE |  | id: 6 | controller: owncloud | user:alvaro | path: [] []
[2024-04-19T12:17:54.193187+02:00] metacloudify.INFO: LOGGIN | AccountId:662244d22f276 | id: 3 | controller: ftp | user:alvaro [] []
[2024-04-19T12:17:56.178958+02:00] metacloudify.INFO: DRIVE |  | id: 3 | controller: ftp | user:alvaro | path: [] []
[2024-04-19T12:17:57.518094+02:00] metacloudify.INFO: DRIVE |  | id: 6 | controller: owncloud | user:alvaro | path: [] []
[2024-04-19T12:17:58.642969+02:00] metacloudify.INFO: LOGOUT |  | id:  | user: [] []
[2024-04-19T12:18:01.321143+02:00] metacloudify.INFO: DRIVE |  | id: 6 | controller: owncloud | user:alvaro | path: [] []
[2024-04-19T12:18:05.227030+02:00] metacloudify.INFO: LOGGIN | AccountId:662244dd376a9 | id: 3 | controller: ftp | user:alvaro [] []
[2024-04-19T12:18:08.417377+02:00] metacloudify.INFO: DRIVE |  | id: 6 | controller: owncloud | user:alvaro | path: [] []
[2024-04-19T12:18:08.593175+02:00] metacloudify.INFO: DRIVE |  | id: 3 | controller: ftp | user:alvaro | path: [] []
[2024-04-19T12:18:14.909765+02:00] metacloudify.INFO: LOGGIN | AccountId:662244dd376a9 | id: 3 | controller: ftp | user:alvaro [] []
[2024-04-19T12:18:16.069688+02:00] metacloudify.INFO: LOGGIN | AccountId:662244dd376a9 | id: 3 | controller: ftp | user:alvaro [] []
[2024-04-19T12:18:18.289043+02:00] metacloudify.INFO: DRIVE |  | id: 6 | controller: owncloud | user:alvaro | path: [] []
[2024-04-19T12:18:18.476339+02:00] metacloudify.INFO: DRIVE |  | id: 3 | controller: ftp | user:alvaro | path: [] []
[2024-04-19T12:18:26.635439+02:00] metacloudify.INFO: LOGGIN | AccountId:662244cb34b45 | id: 6 | controller: owncloud | user:alvaro [] []
[2024-04-19T12:18:29.707013+02:00] metacloudify.INFO: DRIVE |  | id: 6 | controller: owncloud | user:alvaro | path: [] []
[2024-04-19T12:18:29.873043+02:00] metacloudify.INFO: DRIVE |  | id: 3 | controller: ftp | user:alvaro | path: [] []
[2024-04-19T12:18:30.938734+02:00] metacloudify.INFO: LOGOUT |  | id:  | user: [] []
[2024-04-19T12:18:31.953458+02:00] metacloudify.INFO: LOGOUT |  | id:  | user: [] []
[2024-04-19T12:18:32.312290+02:00] metacloudify.ERROR: Code: 500 - Message: Error al obtener la inforamcion del usuario - Trace: #0 C:\Informatica\xampp-8.2.12\htdocs\MetaCloudify\bundles\MetaCloudify\CoreBundle\src\Controller\CoreController.php(275): MetaCloudify\CoreBundle\Controller\CoreController->retriveAccount('662244cb34b45') #1 C:\Informatica\xampp-8.2.12\htdocs\MetaCloudify\vendor\symfony\http-kernel\HttpKernel.php(163): MetaCloudify\CoreBundle\Controller\CoreController->drive('owncloud') #2 C:\Informatica\xampp-8.2.12\htdocs\MetaCloudify\vendor\symfony\http-kernel\HttpKernel.php(75): Symfony\Component\HttpKernel\HttpKernel->handleRaw(Object(Symfony\Component\HttpFoundation\Request), 1) #3 C:\Informatica\xampp-8.2.12\htdocs\MetaCloudify\vendor\symfony\http-kernel\Kernel.php(202): Symfony\Component\HttpKernel\HttpKernel->handle(Object(Symfony\Component\HttpFoundation\Request), 1, true) #4 C:\Informatica\xampp-8.2.12\htdocs\MetaCloudify\vendor\symfony\runtime\Runner\Symfony\HttpKernelRunner.php(35): Symfony\Component\HttpKernel\Kernel->handle(Object(Symfony\Component\HttpFoundation\Request)) #5 C:\Informatica\xampp-8.2.12\htdocs\MetaCloudify\vendor\autoload_runtime.php(35): Symfony\Component\Runtime\Runner\Symfony\HttpKernelRunner->run() #6 C:\Informatica\xampp-8.2.12\htdocs\MetaCloudify\public\index.php(5): require_once('C:\\Informatica\\...') #7 {main} [] []
[2024-04-19T12:19:10.253866+02:00] metacloudify.ERROR: Code: 500 - Message: Error al cerrar la sesion - Trace: #0 C:\Informatica\xampp-8.2.12\htdocs\MetaCloudify\bundles\MetaCloudify\CoreBundle\src\Controller\CoreController.php(252): MetaCloudify\CoreBundle\Service\CloudService->logout(Object(Symfony\Component\HttpFoundation\Session\Session), Object(Symfony\Component\HttpFoundation\Request)) #1 C:\Informatica\xampp-8.2.12\htdocs\MetaCloudify\vendor\symfony\http-kernel\HttpKernel.php(163): MetaCloudify\CoreBundle\Controller\CoreController->logout('owncloud') #2 C:\Informatica\xampp-8.2.12\htdocs\MetaCloudify\vendor\symfony\http-kernel\HttpKernel.php(75): Symfony\Component\HttpKernel\HttpKernel->handleRaw(Object(Symfony\Component\HttpFoundation\Request), 1) #3 C:\Informatica\xampp-8.2.12\htdocs\MetaCloudify\vendor\symfony\http-kernel\Kernel.php(202): Symfony\Component\HttpKernel\HttpKernel->handle(Object(Symfony\Component\HttpFoundation\Request), 1, true) #4 C:\Informatica\xampp-8.2.12\htdocs\MetaCloudify\vendor\symfony\runtime\Runner\Symfony\HttpKernelRunner.php(35): Symfony\Component\HttpKernel\Kernel->handle(Object(Symfony\Component\HttpFoundation\Request)) #5 C:\Informatica\xampp-8.2.12\htdocs\MetaCloudify\vendor\autoload_runtime.php(35): Symfony\Component\Runtime\Runner\Symfony\HttpKernelRunner->run() #6 C:\Informatica\xampp-8.2.12\htdocs\MetaCloudify\public\index.php(5): require_once('C:\\Informatica\\...') #7 {main} [] []
[2024-04-19T12:19:13.929453+02:00] metacloudify.ERROR: Code: 500 - Message: Error al obtener la inforamcion del usuario - Trace: #0 C:\Informatica\xampp-8.2.12\htdocs\MetaCloudify\bundles\MetaCloudify\CoreBundle\src\Controller\CoreController.php(275): MetaCloudify\CoreBundle\Controller\CoreController->retriveAccount('662244cb34b45') #1 C:\Informatica\xampp-8.2.12\htdocs\MetaCloudify\vendor\symfony\http-kernel\HttpKernel.php(163): MetaCloudify\CoreBundle\Controller\CoreController->drive('owncloud') #2 C:\Informatica\xampp-8.2.12\htdocs\MetaCloudify\vendor\symfony\http-kernel\HttpKernel.php(75): Symfony\Component\HttpKernel\HttpKernel->handleRaw(Object(Symfony\Component\HttpFoundation\Request), 1) #3 C:\Informatica\xampp-8.2.12\htdocs\MetaCloudify\vendor\symfony\http-kernel\Kernel.php(202): Symfony\Component\HttpKernel\HttpKernel->handle(Object(Symfony\Component\HttpFoundation\Request), 1, true) #4 C:\Informatica\xampp-8.2.12\htdocs\MetaCloudify\vendor\symfony\runtime\Runner\Symfony\HttpKernelRunner.php(35): Symfony\Component\HttpKernel\Kernel->handle(Object(Symfony\Component\HttpFoundation\Request)) #5 C:\Informatica\xampp-8.2.12\htdocs\MetaCloudify\vendor\autoload_runtime.php(35): Symfony\Component\Runtime\Runner\Symfony\HttpKernelRunner->run() #6 C:\Informatica\xampp-8.2.12\htdocs\MetaCloudify\public\index.php(5): require_once('C:\\Informatica\\...') #7 {main} [] []
[2024-04-19T12:19:18.043180+02:00] metacloudify.ERROR: Code: 500 - Message: Error al obtener la inforamcion del usuario - Trace: #0 C:\Informatica\xampp-8.2.12\htdocs\MetaCloudify\bundles\MetaCloudify\CoreBundle\src\Controller\CoreController.php(275): MetaCloudify\CoreBundle\Controller\CoreController->retriveAccount('662244cb34b45') #1 C:\Informatica\xampp-8.2.12\htdocs\MetaCloudify\vendor\symfony\http-kernel\HttpKernel.php(163): MetaCloudify\CoreBundle\Controller\CoreController->drive('owncloud') #2 C:\Informatica\xampp-8.2.12\htdocs\MetaCloudify\vendor\symfony\http-kernel\HttpKernel.php(75): Symfony\Component\HttpKernel\HttpKernel->handleRaw(Object(Symfony\Component\HttpFoundation\Request), 1) #3 C:\Informatica\xampp-8.2.12\htdocs\MetaCloudify\vendor\symfony\http-kernel\Kernel.php(202): Symfony\Component\HttpKernel\HttpKernel->handle(Object(Symfony\Component\HttpFoundation\Request), 1, true) #4 C:\Informatica\xampp-8.2.12\htdocs\MetaCloudify\vendor\symfony\runtime\Runner\Symfony\HttpKernelRunner.php(35): Symfony\Component\HttpKernel\Kernel->handle(Object(Symfony\Component\HttpFoundation\Request)) #5 C:\Informatica\xampp-8.2.12\htdocs\MetaCloudify\vendor\autoload_runtime.php(35): Symfony\Component\Runtime\Runner\Symfony\HttpKernelRunner->run() #6 C:\Informatica\xampp-8.2.12\htdocs\MetaCloudify\public\index.php(5): require_once('C:\\Informatica\\...') #7 {main} [] []
[2024-04-19T12:20:18.611129+02:00] metacloudify.INFO: LOGGIN | AccountId:662245629530e | id: 1 | controller: onedrive | user:Alvaro Masa [] []
[2024-04-19T12:20:22.378343+02:00] metacloudify.INFO: DRIVE |  | id: 1 | controller: onedrive | user:Alvaro Masa | path: [] []
[2024-04-19T12:42:40.524607+02:00] metacloudify.INFO: DRIVE |  | id: 1 | controller: onedrive | user:Alvaro Masa | path: [] []
[2024-04-19T12:42:43.023398+02:00] metacloudify.INFO: DRIVE |  | id: 1 | controller: onedrive | user:Alvaro Masa | path: [] []
[2024-04-19T13:00:48.057985+02:00] metacloudify.INFO: DRIVE |  | id: 1 | controller: onedrive | user:Alvaro Masa | path: [] []
[2024-04-19T13:00:52.416453+02:00] metacloudify.INFO: DRIVE |  | id: 1 | controller: onedrive | user:Alvaro Masa | path:Ajustes Router [] []
[2024-04-19T13:00:55.721325+02:00] metacloudify.INFO: DRIVE |  | id: 1 | controller: onedrive | user:Alvaro Masa | path: [] []
[2024-04-19T13:01:28.916424+02:00] metacloudify.INFO: DRIVE |  | id: 1 | controller: onedrive | user:Alvaro Masa | path: [] []
[2024-04-19T13:01:36.857528+02:00] metacloudify.INFO: LOGGIN | AccountId:66224f10d158b | id: 3 | controller: ftp | user:alvaro [] []
[2024-04-19T13:01:38.569713+02:00] metacloudify.INFO: DRIVE |  | id: 3 | controller: ftp | user:alvaro | path: [] []
[2024-04-19T13:01:39.680045+02:00] metacloudify.INFO: DRIVE |  | id: 1 | controller: onedrive | user:Alvaro Masa | path: [] []
[2024-04-19T13:01:48.740950+02:00] metacloudify.INFO: CREATE_DIR |  dir: /ASFSAFDASDA | controller: ftp | user:alvaro | path: | name:ASFSAFDASDA [] []
[2024-04-19T13:01:48.777613+02:00] metacloudify.INFO: DRIVE |  | id: 3 | controller: ftp | user:alvaro | path: [] []
[2024-04-19T13:01:50.352464+02:00] metacloudify.INFO: DRIVE |  | id: 1 | controller: onedrive | user:Alvaro Masa | path: [] []
[2024-04-19T13:01:50.508339+02:00] metacloudify.INFO: DRIVE |  | id: 3 | controller: ftp | user:alvaro | path: [] []
[2024-04-19T13:02:38.104593+02:00] metacloudify.INFO: DRIVE |  | id: 3 | controller: ftp | user:alvaro | path: [] []
[2024-04-19T13:02:39.244707+02:00] metacloudify.INFO: DRIVE |  | id: 1 | controller: onedrive | user:Alvaro Masa | path: [] []
[2024-04-19T16:35:35.200292+02:00] metacloudify.INFO: LOGGIN | AccountId:6622813730e07 | id: 2 | controller: googledrive | user:El Utku [] []
[2024-04-19T16:35:37.785027+02:00] metacloudify.INFO: DRIVE |  | id: 2 | controller: googledrive | user:El Utku | path: [] []
[2024-04-19T16:35:48.182484+02:00] metacloudify.INFO: DRIVE |  | id: 2 | controller: googledrive | user:El Utku | path: [] []
[2024-04-19T16:37:08.050940+02:00] metacloudify.INFO: DRIVE |  | id: 2 | controller: googledrive | user:El Utku | path: [] []
[2024-04-19T16:37:15.962627+02:00] metacloudify.INFO: LOGGIN | AccountId:6622819beb019 | id: 6 | controller: owncloud | user:alvaro [] []
[2024-04-19T16:37:30.255487+02:00] metacloudify.INFO: LOGGIN | AccountId:6622819beb019 | id: 6 | controller: owncloud | user:alvaro [] []
[2024-04-19T16:38:31.328131+02:00] metacloudify.INFO: LOGGIN | AccountId:6622819beb019 | id: 6 | controller: owncloud | user:alvaro [] []
[2024-04-19T16:38:34.497417+02:00] metacloudify.INFO: DRIVE |  | id: 6 | controller: owncloud | user:alvaro | path: [] []
[2024-04-19T16:38:35.738838+02:00] metacloudify.INFO: DRIVE |  | id: 2 | controller: googledrive | user:El Utku | path: [] []
[2024-04-19T16:38:59.767342+02:00] metacloudify.INFO: LOGGIN | AccountId:66228203bb534 | id: 3 | controller: ftp | user:alvaro [] []
[2024-04-19T16:39:01.864157+02:00] metacloudify.INFO: DRIVE |  | id: 3 | controller: ftp | user:alvaro | path: [] []
[2024-04-19T16:39:03.056542+02:00] metacloudify.INFO: DRIVE |  | id: 2 | controller: googledrive | user:El Utku | path: [] []
[2024-04-19T16:39:04.364639+02:00] metacloudify.INFO: DRIVE |  | id: 6 | controller: owncloud | user:alvaro | path: [] []
[2024-04-19T16:39:07.363297+02:00] metacloudify.INFO: DRIVE |  | id: 3 | controller: ftp | user:alvaro | path:ASD [] []
[2024-04-19T16:39:12.741865+02:00] metacloudify.INFO: CREATE_FILE |  file: ASD/Test.txt | controller: ftp | user:alvaro | path:ASD | name:Test.txt [] []
[2024-04-19T16:39:12.768171+02:00] metacloudify.INFO: DRIVE |  | id: 3 | controller: ftp | user:alvaro | path:ASD [] []
[2024-04-19T16:39:15.502130+02:00] metacloudify.INFO: GET_ARCHIVE |  archive: ASD/Test.txt | controller: ftp | user:alvaro [] []
[2024-04-19T16:39:20.101780+02:00] metacloudify.INFO: EDIT_METADATA |  archive: ASD/Test.txt | controller: ftp | user:alvaro | path:ASD/Test.txt | name: [] []
[2024-04-19T16:56:49.886543+02:00] metacloudify.INFO: DRIVE |  | id: 2 | controller: googledrive | user:El Utku | path: [] []
[2024-04-19T16:56:50.052156+02:00] metacloudify.INFO: DRIVE |  | id: 3 | controller: ftp | user:alvaro | path: [] []
[2024-04-19T16:56:51.524264+02:00] metacloudify.INFO: DRIVE |  | id: 6 | controller: owncloud | user:alvaro | path: [] []
[2024-04-19T17:31:36.012411+02:00] metacloudify.INFO: DRIVE |  | id: 6 | controller: owncloud | user:alvaro | path: [] []
[2024-04-19T17:31:37.328271+02:00] metacloudify.INFO: DRIVE |  | id: 2 | controller: googledrive | user:El Utku | path: [] []
[2024-04-19T17:31:37.526205+02:00] metacloudify.INFO: DRIVE |  | id: 3 | controller: ftp | user:alvaro | path: [] []
[2024-04-19T17:32:33.002282+02:00] metacloudify.INFO: DRIVE |  | id: 2 | controller: googledrive | user:El Utku | path: [] []
[2024-04-19T17:32:33.188244+02:00] metacloudify.INFO: DRIVE |  | id: 3 | controller: ftp | user:alvaro | path: [] []
[2024-04-19T17:32:34.885029+02:00] metacloudify.INFO: DRIVE |  | id: 6 | controller: owncloud | user:alvaro | path: [] []
[2024-04-19T17:37:50.214107+02:00] metacloudify.INFO: DRIVE |  | id: 3 | controller: ftp | user:alvaro | path: [] []
[2024-04-19T17:37:51.879412+02:00] metacloudify.INFO: DRIVE |  | id: 6 | controller: owncloud | user:alvaro | path: [] []
[2024-04-19T17:37:52.414941+02:00] metacloudify.ERROR: Code: 401 - Message: El Utku - El token de la sesión actual ha caducado. - Trace: #0 C:\Informatica\xampp-8.2.12\htdocs\MetaCloudify\bundles\MetaCloudify\CoreBundle\src\Controller\CoreController.php(102): MetaCloudify\GoogleDriveBundle\Service\CloudService->testConection(Object(MetaCloudify\CoreBundle\Entity\Account)) #1 C:\Informatica\xampp-8.2.12\htdocs\MetaCloudify\bundles\MetaCloudify\CoreBundle\src\Controller\CoreController.php(275): MetaCloudify\CoreBundle\Controller\CoreController->retriveAccount('6622813730e07') #2 C:\Informatica\xampp-8.2.12\htdocs\MetaCloudify\vendor\symfony\http-kernel\HttpKernel.php(163): MetaCloudify\CoreBundle\Controller\CoreController->drive('googledrive') #3 C:\Informatica\xampp-8.2.12\htdocs\MetaCloudify\vendor\symfony\http-kernel\HttpKernel.php(75): Symfony\Component\HttpKernel\HttpKernel->handleRaw(Object(Symfony\Component\HttpFoundation\Request), 1) #4 C:\Informatica\xampp-8.2.12\htdocs\MetaCloudify\vendor\symfony\http-kernel\Kernel.php(202): Symfony\Component\HttpKernel\HttpKernel->handle(Object(Symfony\Component\HttpFoundation\Request), 1, true) #5 C:\Informatica\xampp-8.2.12\htdocs\MetaCloudify\vendor\symfony\runtime\Runner\Symfony\HttpKernelRunner.php(35): Symfony\Component\HttpKernel\Kernel->handle(Object(Symfony\Component\HttpFoundation\Request)) #6 C:\Informatica\xampp-8.2.12\htdocs\MetaCloudify\vendor\autoload_runtime.php(35): Symfony\Component\Runtime\Runner\Symfony\HttpKernelRunner->run() #7 C:\Informatica\xampp-8.2.12\htdocs\MetaCloudify\public\index.php(5): require_once('C:\\Informatica\\...') #8 {main} [] []
[2024-04-19T20:14:19.464062+02:00] metacloudify.INFO: LOGGIN | AccountId:6622b47b71492 | id: 3 | controller: ftp | user:alvaro [] []
[2024-04-19T20:14:21.240057+02:00] metacloudify.INFO: DRIVE |  | id: 3 | controller: ftp | user:alvaro | path: [] []
[2024-04-20T11:42:37.539649+02:00] metacloudify.INFO: LOGGIN | AccountId:66238e0d83bd7 | id: 3 | controller: ftp | user:alvaro [] []
[2024-04-20T11:42:39.334478+02:00] metacloudify.INFO: DRIVE |  | id: 3 | controller: ftp | user:alvaro | path: [] []
[2024-04-20T11:42:44.546392+02:00] metacloudify.INFO: LOGGIN | AccountId:66238e148561b | id: 2 | controller: googledrive | user:El Utku [] []
[2024-04-20T11:42:47.651018+02:00] metacloudify.INFO: DRIVE |  | id: 2 | controller: googledrive | user:El Utku | path: [] []
[2024-04-20T11:42:47.833160+02:00] metacloudify.INFO: DRIVE |  | id: 3 | controller: ftp | user:alvaro | path: [] []
[2024-04-20T11:42:54.243317+02:00] metacloudify.INFO: DRIVE |  | id: 2 | controller: googledrive | user:El Utku | path:dfdsfsdafsddas [] []
