
[2024-02-29T11:57:29.206558+01:00] uemc.DEBUG: owncloud_drive [] []
[2024-02-29T11:58:11.032433+01:00] uemc.DEBUG: owncloud_drive65e0588820838 [] []
[2024-02-29T11:58:11.104377+01:00] uemc.DEBUG: Listing directory  [] []
[2024-02-29T12:00:58.880441+01:00] uemc.DEBUG: owncloud_drive [] []
[2024-02-29T12:01:39.656513+01:00] uemc.DEBUG: owncloud_drive65e0588820838 [] []
[2024-02-29T12:01:39.668499+01:00] uemc.DEBUG: Listing directory  [] []
[2024-02-29T12:07:20.421769+01:00] uemc.DEBUG: owncloud_drive [] []
[2024-02-29T12:07:48.570410+01:00] uemc.DEBUG: owncloud_drive65e0588820838 [] []
[2024-02-29T12:07:48.578329+01:00] uemc.DEBUG: Listing directory  [] []
[2024-02-29T12:07:52.127541+01:00] uemc.DEBUG: owncloud_drive65e0588820838 [] []
[2024-02-29T12:07:52.133720+01:00] uemc.DEBUG: Listing directory Ajustes Router [] []
[2024-02-29T12:07:53.870264+01:00] uemc.DEBUG: owncloud_drive [] []
[2024-02-29T12:07:54.102841+01:00] uemc.DEBUG: owncloud_drive [] []
[2024-02-29T12:07:55.665555+01:00] uemc.DEBUG: owncloud_drive [] []
[2024-02-29T12:07:56.277229+01:00] uemc.DEBUG: owncloud_drive [] []
[2024-02-29T12:09:07.820742+01:00] uemc.DEBUG: owncloud_drive65e05e677e7b9 [] []
[2024-02-29T12:09:07.832134+01:00] uemc.DEBUG: Listing directory  [] []
[2024-02-29T12:09:10.563713+01:00] uemc.DEBUG: owncloud_logout [] []
[2024-02-29T12:12:26.935355+01:00] uemc.DEBUG: owncloud_drive65e0588820838 [] []
[2024-02-29T12:12:26.944622+01:00] uemc.DEBUG: Listing directory  [] []
[2024-02-29T12:15:50.643424+01:00] uemc.DEBUG: owncloud_logout [] []
[2024-02-29T12:16:01.452597+01:00] uemc.DEBUG: owncloud_logout [] []
[2024-02-29T12:16:25.213643+01:00] uemc.DEBUG: owncloud_logout [] []
[2024-02-29T12:16:50.867506+01:00] uemc.DEBUG: owncloud_logout [] []
[2024-02-29T12:19:03.139402+01:00] uemc.DEBUG: owncloud_logout65e0588820838 [] []
[2024-02-29T12:19:24.407262+01:00] uemc.DEBUG: owncloud_logout65e0588820838 [] []
[2024-02-29T12:21:03.437279+01:00] uemc.DEBUG: owncloud_logout65e0588820838 [] []
[2024-02-29T12:21:05.629314+01:00] uemc.DEBUG: owncloud_logout65e0588820838 [] []
[2024-02-29T12:22:34.128739+01:00] uemc.DEBUG: owncloud_logout65e0588820838 [] []
[2024-02-29T12:22:35.523006+01:00] uemc.DEBUG: owncloud_logout65e0588820838 [] []
[2024-02-29T12:22:38.547601+01:00] uemc.DEBUG: owncloud_logout65e0588820838 [] []
[2024-02-29T12:25:43.831673+01:00] uemc.DEBUG: owncloud_loginGET [] []
[2024-02-29T12:25:55.532975+01:00] uemc.DEBUG: owncloud_loginPOST [] []
[2024-02-29T12:26:00.771995+01:00] uemc.DEBUG: owncloud_loginGET [] []
[2024-02-29T12:26:09.297785+01:00] uemc.DEBUG: owncloud_loginPOST [] []
[2024-02-29T12:26:14.970712+01:00] uemc.DEBUG: owncloud_logout65e069c38679d [] []
[2024-02-29T12:26:18.298539+01:00] uemc.DEBUG: owncloud_logout65e069c38679d [] []
[2024-02-29T12:27:16.079058+01:00] uemc.DEBUG: owncloud_loginGET [] []
[2024-02-29T12:27:24.776455+01:00] uemc.DEBUG: owncloud_loginPOST [] []
[2024-02-29T12:27:27.812836+01:00] uemc.DEBUG: owncloud_loginGET [] []
[2024-02-29T12:27:36.452665+01:00] uemc.DEBUG: owncloud_loginPOST [] []
[2024-02-29T12:28:18.388298+01:00] uemc.DEBUG: owncloud_logout65e06a1cbfcd5 [] []
[2024-02-29T12:29:04.285193+01:00] uemc.DEBUG: owncloud_loginGET [] []
[2024-02-29T12:29:10.837603+01:00] uemc.DEBUG: owncloud_loginPOST [] []
[2024-02-29T12:29:13.669608+01:00] uemc.DEBUG: owncloud_loginGET [] []
[2024-02-29T12:29:16.885402+01:00] uemc.DEBUG: owncloud_loginPOST [] []
[2024-02-29T12:31:52.661447+01:00] uemc.DEBUG: owncloud_logout65e06a86cec01 [] []
[2024-02-29T12:32:55.951527+01:00] uemc.DEBUG: owncloud_loginGET [] []
[2024-02-29T12:33:05.324363+01:00] uemc.DEBUG: owncloud_loginPOST [] []
[2024-02-29T12:34:53.844866+01:00] uemc.DEBUG: owncloud_drive65e06a8cda730 [] []
[2024-02-29T12:34:53.856005+01:00] uemc.DEBUG: Listing directory  [] []
[2024-02-29T12:35:20.163835+01:00] uemc.DEBUG: owncloud_logout65e06a8cda730 [] []
[2024-02-29T12:35:22.823633+01:00] uemc.DEBUG: owncloud_logout65e06b7153991 [] []
[2024-02-29T12:35:51.445358+01:00] uemc.DEBUG: owncloud_loginGET [] []
[2024-02-29T12:35:59.790138+01:00] uemc.DEBUG: owncloud_loginPOST [] []
[2024-02-29T12:36:01.848816+01:00] uemc.DEBUG: owncloud_drive65e06c1fc3459 [] []
[2024-02-29T12:36:01.853441+01:00] uemc.DEBUG: Listing directory  [] []
[2024-02-29T12:36:04.020661+01:00] uemc.DEBUG: owncloud_drive65e06c1fc3459 [] []
[2024-02-29T12:36:04.025635+01:00] uemc.DEBUG: Listing directory TFG-Test [] []
[2024-02-29T12:36:06.343825+01:00] uemc.DEBUG: owncloud_drive65e06c1fc3459 [] []
[2024-02-29T12:36:06.349774+01:00] uemc.DEBUG: Listing directory TFG-Test\Ruedas [] []
[2024-02-29T12:36:07.865624+01:00] uemc.DEBUG: owncloud_drive65e06c1fc3459 [] []
[2024-02-29T12:36:07.869190+01:00] uemc.DEBUG: Listing directory TFG-Test\Ruedas\Test [] []
[2024-02-29T12:36:09.434315+01:00] uemc.DEBUG: owncloud_download65e06c1fc3459 [] []
[2024-02-29T12:36:32.776448+01:00] uemc.DEBUG: owncloud_drive65e06c1fc3459 [] []
[2024-02-29T12:36:32.783661+01:00] uemc.DEBUG: Listing directory  [] []
[2024-02-29T12:36:34.501784+01:00] uemc.DEBUG: owncloud_drive65e06c1fc3459 [] []
[2024-02-29T12:36:34.506511+01:00] uemc.DEBUG: Listing directory TFG-Test [] []
[2024-02-29T12:36:36.102332+01:00] uemc.DEBUG: owncloud_drive65e06c1fc3459 [] []
[2024-02-29T12:36:36.107352+01:00] uemc.DEBUG: Listing directory TFG-Test\Ruedas [] []
[2024-02-29T12:36:37.754558+01:00] uemc.DEBUG: owncloud_drive65e06c1fc3459 [] []
[2024-02-29T12:36:37.759184+01:00] uemc.DEBUG: Listing directory TFG-Test\Ruedas\Test [] []
[2024-02-29T12:37:11.533579+01:00] uemc.DEBUG: owncloud_download65e06c1fc3459 [] []
[2024-02-29T12:37:13.336317+01:00] uemc.DEBUG: owncloud_download65e06c1fc3459 [] []
[2024-02-29T12:40:36.553638+01:00] uemc.DEBUG: owncloud_download65e06c1fc3459 [] []
[2024-02-29T12:40:41.805150+01:00] uemc.DEBUG: owncloud_download65e06c1fc3459 [] []
[2024-02-29T12:40:52.261728+01:00] uemc.DEBUG: owncloud_drive65e06c1fc3459 [] []
[2024-02-29T12:40:52.273026+01:00] uemc.DEBUG: Listing directory  [] []
[2024-02-29T12:40:54.415101+01:00] uemc.DEBUG: owncloud_drive65e06c1fc3459 [] []
[2024-02-29T12:40:54.418864+01:00] uemc.DEBUG: Listing directory TFG-Test [] []
[2024-02-29T12:40:56.150149+01:00] uemc.DEBUG: owncloud_drive65e06c1fc3459 [] []
[2024-02-29T12:40:56.156165+01:00] uemc.DEBUG: Listing directory TFG-Test\Ruedas [] []
[2024-02-29T12:40:57.602916+01:00] uemc.DEBUG: owncloud_drive65e06c1fc3459 [] []
[2024-02-29T12:40:57.606692+01:00] uemc.DEBUG: Listing directory TFG-Test\Ruedas\Test [] []
[2024-02-29T12:41:07.898073+01:00] uemc.DEBUG: owncloud_download65e06c1fc3459 [] []
[2024-02-29T12:41:07.904723+01:00] uemc.INFO: Downloading TFG-Test\Ruedas\Test\Test [] []
[2024-02-29T12:43:41.570712+01:00] uemc.DEBUG: owncloud_drive65e06c1fc3459 [] []
[2024-02-29T12:43:41.578560+01:00] uemc.DEBUG: Listing directory  [] []
[2024-02-29T12:43:43.522763+01:00] uemc.DEBUG: owncloud_drive65e06c1fc3459 [] []
[2024-02-29T12:43:43.530117+01:00] uemc.DEBUG: Listing directory TFG-Test [] []
[2024-02-29T12:43:45.018821+01:00] uemc.DEBUG: owncloud_drive65e06c1fc3459 [] []
[2024-02-29T12:43:45.023376+01:00] uemc.DEBUG: Listing directory TFG-Test\Ruedas [] []
[2024-02-29T12:43:47.029759+01:00] uemc.DEBUG: owncloud_drive65e06c1fc3459 [] []
[2024-02-29T12:43:47.034658+01:00] uemc.DEBUG: Listing directory TFG-Test\Ruedas\Test [] []
[2024-02-29T12:43:53.787422+01:00] uemc.DEBUG: owncloud_download65e06c1fc3459 [] []
[2024-02-29T12:43:53.796781+01:00] uemc.INFO: Downloading TFG-Test\Ruedas\Test\Test [] []
[2024-02-29T12:43:58.542515+01:00] uemc.DEBUG: owncloud_drive [] []
[2024-02-29T12:44:01.933520+01:00] uemc.DEBUG: owncloud_drive [] []
[2024-02-29T12:44:04.744478+01:00] uemc.DEBUG: owncloud_drive65e06c1fc3459 [] []
[2024-02-29T12:44:04.753771+01:00] uemc.DEBUG: Listing directory  [] []
[2024-02-29T12:44:07.228952+01:00] uemc.DEBUG: owncloud_drive65e06c1fc3459 [] []
[2024-02-29T12:44:07.234977+01:00] uemc.DEBUG: Listing directory RuedasCochePapa [] []
[2024-02-29T12:44:09.010781+01:00] uemc.DEBUG: owncloud_download65e06c1fc3459 [] []
[2024-02-29T12:44:09.014395+01:00] uemc.INFO: Downloading RuedasCochePapa\RuedasTraseras.png [] []
[2024-02-29T12:46:02.855449+01:00] uemc.DEBUG: owncloud_drive65e06c1fc3459 [] []
[2024-02-29T12:46:02.866567+01:00] uemc.DEBUG: Listing directory  [] []
[2024-02-29T12:46:05.409484+01:00] uemc.DEBUG: owncloud_drive65e06c1fc3459 [] []
[2024-02-29T12:46:05.415245+01:00] uemc.DEBUG: Listing directory RuedasCochePapa [] []
[2024-02-29T12:46:07.080782+01:00] uemc.DEBUG: owncloud_download65e06c1fc3459 [] []
[2024-02-29T12:46:07.084295+01:00] uemc.INFO: Downloading RuedasCochePapa\RuedasTraseras.png [] []
[2024-02-29T12:46:46.010833+01:00] uemc.DEBUG: owncloud_drive65e06c1fc3459 [] []
[2024-02-29T12:46:46.018807+01:00] uemc.DEBUG: Listing directory  [] []
[2024-02-29T12:46:48.057353+01:00] uemc.DEBUG: owncloud_drive65e06c1fc3459 [] []
[2024-02-29T12:46:48.061970+01:00] uemc.DEBUG: Listing directory RuedasCochePapa [] []
[2024-02-29T12:46:49.869784+01:00] uemc.DEBUG: owncloud_download65e06c1fc3459 [] []
[2024-02-29T12:46:49.874930+01:00] uemc.INFO: Downloading RuedasCochePapa\RuedasTraseras.png [] []
[2024-02-29T12:47:40.663824+01:00] uemc.DEBUG: owncloud_drive65e06c1fc3459 [] []
[2024-02-29T12:47:40.674306+01:00] uemc.DEBUG: Listing directory  [] []
[2024-02-29T12:47:46.044769+01:00] uemc.DEBUG: owncloud_drive65e06c1fc3459 [] []
[2024-02-29T12:47:46.051012+01:00] uemc.DEBUG: Listing directory TFG-Test [] []
[2024-02-29T12:47:48.105785+01:00] uemc.DEBUG: owncloud_drive65e06c1fc3459 [] []
[2024-02-29T12:47:48.111751+01:00] uemc.DEBUG: Listing directory TFG-Test\Ruedas [] []
[2024-02-29T12:47:49.836771+01:00] uemc.DEBUG: owncloud_drive65e06c1fc3459 [] []
[2024-02-29T12:47:49.840357+01:00] uemc.DEBUG: Listing directory  [] []
[2024-02-29T12:47:51.826057+01:00] uemc.DEBUG: owncloud_drive65e06c1fc3459 [] []
[2024-02-29T12:47:51.832045+01:00] uemc.DEBUG: Listing directory RuedasCochePapa [] []
[2024-02-29T12:47:53.195476+01:00] uemc.DEBUG: owncloud_download65e06c1fc3459 [] []
[2024-02-29T12:47:53.199029+01:00] uemc.INFO: Downloading RuedasCochePapa\RuedasTraseras.png [] []
